[2020-01-03 13:22:41] START
[2020-01-03 13:22:50] CREATE tabelas.py: 0
[2020-01-03 13:23:02] EDIT abencoado/models/tabelas.py: 85
[2020-01-03 13:24:01] EDIT abencoado/models/menu.py: -94
[2020-01-03 13:24:31] EDIT abencoado/views/layout.html: 0
[2020-01-03 13:24:53] EDIT abencoado/views/layout.html: -8
[2020-01-03 13:25:36] EDIT abencoado/views/layout.html: 5
[2020-01-03 13:26:04] EDIT abencoado/views/layout.html: 0
[2020-01-03 13:26:18] EDIT abencoado/views/layout.html: -24
[2020-01-03 13:27:01] EDIT abencoado/views/default/index.html: -32
[2020-01-03 13:27:18] EDIT abencoado/controllers/default.py: -1
[2020-01-03 13:27:41] EDIT abencoado/views/layout.html: 24
[2020-01-03 13:28:56] EDIT abencoado/views/default/index.html: 29
[2020-01-03 13:29:07] EDIT abencoado/views/default/index.html: 0
[2020-01-03 13:29:15] EDIT abencoado/views/default/index.html: 0
[2020-01-03 13:29:58] EDIT abencoado/controllers/default.py: 3
[2020-01-03 13:31:02] EDIT abencoado/controllers/default.py: 31
[2020-01-03 13:31:21] CREATE default/criar_projeto.html: 0
[2020-01-03 13:32:04] EDIT abencoado/views/default/criar_projeto.html: 0
[2020-01-03 13:33:03] EDIT abencoado/controllers/default.py: 0
[2020-01-03 13:33:18] EDIT abencoado/controllers/default.py: 0
[2020-01-03 13:33:39] CREATE default/alterar_projeto.html: 0
[2020-01-03 13:33:51] EDIT abencoado/views/default/alterar_projeto.html: 0
[2020-01-03 13:34:27] CREATE default/acesso_geral_projeto.html: 0
[2020-01-03 13:49:47] EDIT abencoado/views/default/acesso_geral_projeto.html: 20
[2020-01-03 13:59:11] EDIT abencoado/controllers/default.py: 4
[2020-01-03 13:59:37] EDIT abencoado/controllers/default.py: 0
[2020-01-03 13:59:45] EDIT abencoado/controllers/default.py: 0
[2020-01-03 13:59:52] EDIT abencoado/controllers/default.py: 0
[2020-01-03 14:00:10] CREATE default/grade.html: 0
[2020-01-03 14:02:09] EDIT abencoado/views/default/grade.html: 0
[2020-01-03 14:09:13] EDIT abencoado/views/layout.html: 4
[2020-01-03 14:11:20] EDIT abencoado/views/default/acesso_geral_projeto.html: 0
[2020-01-03 14:12:57] EDIT abencoado/views/default/acesso_geral_projeto.html: 0
[2020-01-03 14:13:17] CREATE mercadoria.py: 0
[2020-01-03 14:13:25] CREATE equipe.py: 0
[2020-01-03 14:13:37] CREATE despesa.py: 0
[2020-01-03 14:13:56] EDIT abencoado/controllers/mercadoria.py: 0
[2020-01-03 14:14:13] CREATE mercadoria/acesso_carrada.html: 0
[2020-01-03 14:14:31] EDIT abencoado/views/mercadoria/acesso_carrada.html: 0
[2020-01-03 14:14:43] EDIT abencoado/views/mercadoria/acesso_carrada.html: 0
[2020-01-03 14:16:09] EDIT abencoado/controllers/mercadoria.py: 2
[2020-01-03 14:16:13] EDIT abencoado/controllers/mercadoria.py: 0
[2020-01-03 14:16:26] EDIT abencoado/views/mercadoria/acesso_carrada.html: 0
[2020-01-03 14:17:55] EDIT abencoado/controllers/mercadoria.py: 1
[2020-01-03 14:18:14] EDIT abencoado/controllers/mercadoria.py: 0
[2020-01-03 14:43:32] EDIT abencoado/views/mercadoria/acesso_carrada.html: 26
[2020-01-03 14:44:04] EDIT abencoado/views/mercadoria/acesso_carrada.html: 0
[2020-01-03 14:45:26] EDIT abencoado/controllers/mercadoria.py: 11
[2020-01-03 14:45:39] EDIT abencoado/controllers/mercadoria.py: 0
[2020-01-03 14:45:59] CREATE mercadoria/criar_carrada.html: 0
[2020-01-03 14:46:02] EDIT abencoado/views/mercadoria/criar_carrada.html: 0
[2020-01-03 14:46:36] EDIT abencoado/views/mercadoria/criar_carrada.html: 0
[2020-01-03 14:47:58] EDIT abencoado/controllers/mercadoria.py: 0
[2020-01-03 14:48:22] EDIT abencoado/controllers/mercadoria.py: 0
[2020-01-03 14:48:58] EDIT abencoado/controllers/mercadoria.py: 0
[2020-01-03 14:49:08] EDIT abencoado/controllers/mercadoria.py: 0
[2020-01-03 14:51:12] EDIT abencoado/views/mercadoria/acesso_carrada.html: 0
[2020-01-03 14:51:18] EDIT abencoado/views/mercadoria/acesso_carrada.html: -1
[2020-01-03 14:53:03] EDIT abencoado/views/mercadoria/acesso_carrada.html: 0
[2020-01-03 14:56:42] EDIT abencoado/views/mercadoria/acesso_carrada.html: 1
[2020-01-03 14:57:05] EDIT abencoado/controllers/mercadoria.py: 0
[2020-01-03 14:57:11] EDIT abencoado/views/mercadoria/acesso_carrada.html: 0
[2020-01-03 14:57:55] EDIT abencoado/views/mercadoria/acesso_carrada.html: 0
[2020-01-03 14:58:03] EDIT abencoado/views/mercadoria/acesso_carrada.html: -1
[2020-01-03 14:58:11] EDIT abencoado/views/mercadoria/acesso_carrada.html: 1
[2020-01-03 14:58:40] EDIT abencoado/views/mercadoria/acesso_carrada.html: -1
[2020-01-03 14:59:36] EDIT abencoado/controllers/mercadoria.py: 0
[2020-01-03 15:03:04] EDIT abencoado/controllers/mercadoria.py: 14
[2020-01-03 15:03:12] EDIT abencoado/controllers/mercadoria.py: 0
[2020-01-03 15:03:24] EDIT abencoado/controllers/mercadoria.py: 0
[2020-01-03 15:04:06] EDIT abencoado/views/mercadoria/acesso_carrada.html: 0
[2020-01-03 15:04:26] CREATE mercadoria/alterar_carrada.html: 0
[2020-01-03 15:04:47] EDIT abencoado/views/mercadoria/alterar_carrada.html: 0
[2020-01-03 15:05:11] EDIT abencoado/controllers/mercadoria.py: 0
[2020-01-03 15:06:09] EDIT abencoado/controllers/mercadoria.py: 0
[2020-01-03 15:07:21] EDIT abencoado/controllers/mercadoria.py: 1
[2020-01-03 15:08:12] EDIT abencoado/views/mercadoria/acesso_carrada.html: 0
[2020-01-03 15:09:19] EDIT abencoado/controllers/mercadoria.py: 4
[2020-01-03 15:09:33] CREATE mercadoria/acesso_mercadoria.html: 0
[2020-01-03 15:13:34] EDIT abencoado/views/mercadoria/acesso_mercadoria.html: 25
[2020-01-03 15:15:06] EDIT abencoado/views/mercadoria/acesso_mercadoria.html: 0
[2020-01-03 15:15:33] EDIT abencoado/views/mercadoria/acesso_mercadoria.html: 0
[2020-01-03 15:16:01] EDIT abencoado/controllers/mercadoria.py: 11
[2020-01-03 15:16:40] EDIT abencoado/controllers/mercadoria.py: 0
[2020-01-03 15:16:56] CREATE mercadoria/criar_mercadoria.html: 0
[2020-01-03 15:17:12] EDIT abencoado/views/mercadoria/criar_mercadoria.html: 0
[2020-01-03 15:19:04] EDIT abencoado/controllers/mercadoria.py: 15
[2020-01-03 15:19:16] CREATE mercadoria/alterar_mercadoria.html: 0
[2020-01-03 15:19:42] EDIT abencoado/views/mercadoria/alterar_mercadoria.html: 0
[2020-01-03 15:20:58] EDIT abencoado/views/mercadoria/acesso_mercadoria.html: -1
[2020-01-03 15:21:10] EDIT abencoado/views/mercadoria/acesso_mercadoria.html: -1
[2020-01-03 16:08:10] EDIT abencoado/views/mercadoria/acesso_mercadoria.html: 1
[2020-01-03 16:08:19] EDIT abencoado/views/mercadoria/acesso_mercadoria.html: 0
[2020-01-03 16:09:23] EDIT abencoado/views/mercadoria/acesso_carrada.html: 1
[2020-01-03 16:10:11] EDIT abencoado/views/mercadoria/acesso_carrada.html: 0
[2020-01-03 16:11:28] EDIT abencoado/views/mercadoria/acesso_carrada.html: 0
[2020-01-03 16:11:56] EDIT abencoado/views/mercadoria/acesso_carrada.html: 0
[2020-01-03 16:14:03] EDIT abencoado/controllers/mercadoria.py: 2
[2020-01-03 16:14:26] EDIT abencoado/controllers/mercadoria.py: 0
[2020-01-03 16:15:05] EDIT abencoado/controllers/mercadoria.py: 0
[2020-01-03 16:16:13] EDIT abencoado/controllers/mercadoria.py: 2
[2020-01-03 16:17:03] EDIT abencoado/controllers/mercadoria.py: 2
[2020-01-03 16:17:22] EDIT abencoado/controllers/mercadoria.py: 0
[2020-01-03 16:17:59] EDIT abencoado/controllers/mercadoria.py: 0
[2020-01-03 16:19:04] EDIT abencoado/controllers/mercadoria.py: 0
[2020-01-03 16:19:14] EDIT abencoado/controllers/mercadoria.py: 0
[2020-01-03 16:20:25] EDIT abencoado/controllers/mercadoria.py: 2
[2020-01-03 16:20:37] EDIT abencoado/controllers/mercadoria.py: 0
[2020-01-03 16:22:18] EDIT abencoado/controllers/equipe.py: 1
[2020-01-03 16:23:08] EDIT abencoado/controllers/equipe.py: 2
[2020-01-03 16:23:23] CREATE equipe/acesso_equipe.html: 0
[2020-01-03 16:28:22] EDIT abencoado/views/equipe/acesso_equipe.html: 28
[2020-01-03 16:28:50] EDIT abencoado/views/equipe/acesso_equipe.html: 1
[2020-01-03 16:29:59] EDIT abencoado/views/equipe/acesso_equipe.html: 1
[2020-01-03 16:31:30] EDIT abencoado/controllers/equipe.py: 30
[2020-01-03 16:32:10] CREATE equipe/criar_vendedor.html: 0
[2020-01-03 16:32:31] EDIT abencoado/views/equipe/criar_vendedor.html: 0
[2020-01-03 16:33:55] EDIT abencoado/controllers/equipe.py: 0
[2020-01-03 16:34:26] EDIT abencoado/views/equipe/acesso_equipe.html: 0
[2020-01-03 16:34:47] EDIT abencoado/views/equipe/acesso_equipe.html: 0
[2020-01-03 16:35:43] EDIT abencoado/views/equipe/acesso_equipe.html: 1
[2020-01-03 16:36:10] EDIT abencoado/models/tabelas.py: 0
[2020-01-03 16:37:24] EDIT abencoado/views/equipe/acesso_equipe.html: 0
[2020-01-03 16:37:32] EDIT abencoado/controllers/equipe.py: 0
[2020-01-03 16:38:09] CREATE equipe/alterar_vendedor.html: 0
[2020-01-03 16:38:23] EDIT abencoado/views/equipe/alterar_vendedor.html: 0
[2020-01-03 16:38:28] EDIT abencoado/views/equipe/alterar_vendedor.html: 0
[2020-01-03 16:39:21] EDIT abencoado/controllers/equipe.py: 0
[2020-01-03 16:39:37] EDIT abencoado/controllers/equipe.py: 0
[2020-01-03 16:40:27] EDIT abencoado/views/equipe/acesso_equipe.html: 0
[2020-01-03 16:42:21] EDIT abencoado/controllers/equipe.py: 4
[2020-01-03 16:42:35] CREATE equipe/acesso_particao.html: 0
[2020-01-03 16:45:43] EDIT abencoado/views/equipe/acesso_particao.html: 27
[2020-01-03 17:26:41] EDIT abencoado/views/equipe/acesso_particao.html: 0
[2020-01-03 17:27:53] EDIT abencoado/views/equipe/acesso_particao.html: 2
[2020-01-03 17:29:13] EDIT abencoado/controllers/equipe.py: 30
[2020-01-03 17:29:27] CREATE equipe/criar_particao.html: 0
[2020-01-03 17:29:45] EDIT abencoado/views/equipe/criar_particao.html: 0
[2020-01-03 17:30:23] EDIT abencoado/views/equipe/acesso_particao.html: 0
[2020-01-03 17:30:31] EDIT abencoado/views/equipe/acesso_particao.html: 0
[2020-01-03 17:31:13] EDIT abencoado/controllers/equipe.py: 0
[2020-01-03 17:31:31] CREATE equipe/alterar_particao.html: 0
[2020-01-03 17:31:49] EDIT abencoado/views/equipe/alterar_particao.html: 0
[2020-01-03 17:32:47] EDIT abencoado/views/equipe/acesso_particao.html: 0
[2020-01-03 17:33:37] EDIT abencoado/controllers/equipe.py: 34
[2020-01-03 17:34:13] EDIT abencoado/controllers/equipe.py: 0
[2020-01-03 17:34:24] CREATE equipe/acesso_venda.html: 0
[2020-01-03 17:34:34] EDIT abencoado/views/equipe/acesso_equipe.html: 0
[2020-01-03 17:34:39] EDIT abencoado/views/equipe/acesso_venda.html: 0
[2020-01-03 17:35:14] EDIT abencoado/views/equipe/acesso_venda.html: 31
[2020-01-03 17:35:46] EDIT abencoado/views/equipe/acesso_venda.html: 0
[2020-01-03 17:38:41] EDIT abencoado/views/equipe/acesso_venda.html: -6
[2020-01-03 17:39:06] EDIT abencoado/views/equipe/acesso_venda.html: -8
[2020-01-03 17:43:25] EDIT abencoado/models/tabelas.py: 11
[2020-01-03 17:43:40] EDIT abencoado/controllers/despesa.py: 3
[2020-01-03 17:44:24] EDIT abencoado/views/default/acesso_geral_projeto.html: 0
[2020-01-03 17:44:43] CREATE despesa/acesso_class_despesa.html: 0
[2020-01-03 17:45:02] EDIT abencoado/views/mercadoria/acesso_carrada.html: 0
[2020-01-03 17:46:27] EDIT abencoado/views/despesa/acesso_class_despesa.html: 22
[2020-01-03 17:46:44] EDIT abencoado/views/despesa/acesso_class_despesa.html: 0
[2020-01-03 17:48:05] EDIT abencoado/controllers/despesa.py: 30
[2020-01-03 17:48:25] CREATE despesa/criar_class_desp.html: 0
[2020-01-03 17:48:46] EDIT abencoado/views/despesa/criar_class_desp.html: 0
[2020-01-03 17:49:22] EDIT abencoado/controllers/despesa.py: 0
[2020-01-03 17:49:25] EDIT abencoado/controllers/despesa.py: 0
[2020-01-03 17:49:34] EDIT abencoado/views/despesa/acesso_class_despesa.html: 0
[2020-01-03 17:49:56] EDIT abencoado/controllers/despesa.py: 0
[2020-01-03 17:50:08] CREATE despesa/alterar_class_desp.html: 0
[2020-01-03 17:50:21] EDIT abencoado/views/despesa/alterar_class_desp.html: 0
[2020-01-03 17:50:54] EDIT abencoado/views/despesa/acesso_class_despesa.html: 0
[2020-01-03 17:51:16] EDIT abencoado/controllers/despesa.py: 4
[2020-01-03 17:51:28] CREATE despesa/acesso_despesa.html: 0
[2020-01-03 17:51:35] EDIT abencoado/views/despesa/acesso_class_despesa.html: 0
[2020-01-03 17:55:57] EDIT abencoado/views/despesa/acesso_despesa.html: 22
[2020-01-03 17:56:30] EDIT abencoado/controllers/despesa.py: 0
[2020-01-03 17:56:45] EDIT abencoado/controllers/despesa.py: 0
[2020-01-03 17:57:20] EDIT abencoado/views/despesa/acesso_despesa.html: 0
[2020-01-03 17:58:57] EDIT abencoado/views/despesa/acesso_despesa.html: 1
[2020-01-03 17:59:07] EDIT abencoado/views/despesa/acesso_despesa.html: -1
[2020-01-03 17:59:33] EDIT abencoado/controllers/despesa.py: 30
[2020-01-03 17:59:38] EDIT abencoado/controllers/despesa.py: 0
[2020-01-03 18:01:22] EDIT abencoado/controllers/despesa.py: 0
[2020-01-03 18:01:41] EDIT abencoado/controllers/despesa.py: 0
[2020-01-03 18:02:00] CREATE despesa/criar_desp.html: 0
[2020-01-03 18:02:25] EDIT abencoado/views/despesa/criar_desp.html: 0
[2020-01-03 18:03:04] EDIT abencoado/views/despesa/acesso_despesa.html: 0
[2020-01-03 18:03:25] EDIT abencoado/views/despesa/acesso_despesa.html: 0
[2020-01-03 18:04:06] CREATE despesa/alterar_desp.html: 0
[2020-01-03 18:04:20] EDIT abencoado/views/despesa/alterar_desp.html: 0
[2020-01-03 18:05:25] EDIT abencoado/controllers/despesa.py: 0
[2020-01-03 18:06:57] EDIT abencoado/views/default/acesso_geral_projeto.html: 3
[2020-01-03 18:07:12] EDIT abencoado/views/default/acesso_geral_projeto.html: 0
[2020-01-03 18:08:32] EDIT abencoado/controllers/equipe.py: 34
[2020-01-03 18:08:53] CREATE equipe/acesso_funcionario.html: 0
[2020-01-03 18:11:22] EDIT abencoado/views/equipe/acesso_funcionario.html: 26
[2020-01-03 18:11:42] CREATE equipe/criar_funcionario.html: 0
[2020-01-03 18:12:13] EDIT abencoado/views/equipe/criar_funcionario.html: 0
[2020-01-03 18:12:55] EDIT abencoado/views/equipe/acesso_funcionario.html: 0
[2020-01-03 18:13:39] EDIT abencoado/controllers/equipe.py: 0
[2020-01-03 18:13:53] CREATE equipe/alterar_funcionario.html: 0
[2020-01-03 18:14:06] EDIT abencoado/views/equipe/alterar_funcionario.html: 0
[2020-01-03 18:37:23] EDIT abencoado/views/equipe/acesso_equipe.html: 0
[2020-01-03 18:37:46] EDIT abencoado/controllers/equipe.py: 0
[2020-01-03 18:38:37] EDIT abencoado/controllers/equipe.py: 0
[2020-01-03 18:39:01] EDIT abencoado/controllers/equipe.py: 0
[2020-01-03 18:39:33] EDIT abencoado/controllers/equipe.py: 0
[2020-01-03 18:40:12] EDIT abencoado/views/equipe/acesso_equipe.html: 0
[2020-01-03 18:40:27] EDIT abencoado/views/equipe/acesso_equipe.html: 0
[2020-01-03 18:40:35] EDIT abencoado/controllers/equipe.py: 0
[2020-01-03 18:41:16] EDIT abencoado/views/equipe/acesso_venda.html: 0
[2020-01-03 18:43:13] EDIT abencoado/views/equipe/acesso_venda.html: 1
[2020-01-03 18:44:32] EDIT abencoado/controllers/equipe.py: 1
[2020-01-03 18:45:08] EDIT abencoado/controllers/equipe.py: 0
[2020-01-03 18:45:24] EDIT abencoado/controllers/equipe.py: 0
[2020-01-03 18:46:22] EDIT abencoado/views/equipe/acesso_venda.html: 0
[2020-01-03 18:47:08] EDIT abencoado/views/equipe/acesso_venda.html: 0
[2020-01-03 18:48:03] EDIT abencoado/views/equipe/acesso_venda.html: 0
[2020-01-03 18:49:55] EDIT abencoado/views/equipe/acesso_venda.html: 0
[2020-01-03 18:51:23] EDIT abencoado/views/equipe/acesso_venda.html: 0
[2020-01-03 18:52:22] EDIT abencoado/views/equipe/acesso_venda.html: 0
[2020-01-03 18:52:43] CREATE equipe/inserir_venda.html: 0
[2020-01-03 18:53:03] EDIT abencoado/views/equipe/inserir_venda.html: 0
[2020-01-03 18:53:54] EDIT abencoado/controllers/equipe.py: 0
[2020-01-03 18:54:26] EDIT abencoado/controllers/equipe.py: 0
[2020-01-03 18:55:18] EDIT abencoado/models/tabelas.py: 0
[2020-01-03 18:57:41] EDIT abencoado/views/equipe/acesso_venda.html: 0
[2020-01-03 18:58:19] EDIT abencoado/controllers/equipe.py: 1
[2020-01-03 19:02:32] EDIT abencoado/views/equipe/acesso_venda.html: 0
[2020-01-03 19:03:19] EDIT abencoado/controllers/equipe.py: 2
[2020-01-03 19:03:44] EDIT abencoado/controllers/equipe.py: 0
[2020-01-03 19:04:08] EDIT abencoado/controllers/equipe.py: 0
[2020-01-03 19:06:27] EDIT abencoado/controllers/equipe.py: 1
[2020-01-03 19:06:43] EDIT abencoado/controllers/equipe.py: 0
[2020-01-03 19:06:54] EDIT abencoado/controllers/equipe.py: 0
[2020-01-03 19:08:11] EDIT abencoado/views/equipe/inserir_venda.html: 1
[2020-01-03 19:08:34] EDIT abencoado/views/equipe/inserir_venda.html: 0
[2020-01-03 19:09:52] EDIT abencoado/controllers/equipe.py: 0
[2020-01-03 19:10:30] EDIT abencoado/controllers/equipe.py: 0
[2020-01-03 19:12:02] EDIT abencoado/views/equipe/acesso_venda.html: 2
[2020-01-03 19:12:50] EDIT abencoado/views/equipe/acesso_venda.html: 0
[2020-01-03 19:13:43] EDIT abencoado/views/equipe/acesso_venda.html: 0
[2020-01-03 19:15:04] EDIT abencoado/views/equipe/acesso_venda.html: 0
[2020-01-03 19:16:32] EDIT abencoado/views/equipe/acesso_venda.html: 0
[2020-01-03 19:16:41] EDIT abencoado/views/equipe/acesso_venda.html: 0
[2020-01-03 19:20:52] EDIT abencoado/views/equipe/acesso_venda.html: 3
[2020-01-03 19:21:53] EDIT abencoado/views/equipe/acesso_venda.html: 4
[2020-01-03 19:24:53] EDIT abencoado/views/equipe/acesso_venda.html: 12
[2020-01-03 19:26:09] EDIT abencoado/views/equipe/acesso_venda.html: 0
[2020-01-03 19:26:51] EDIT abencoado/controllers/equipe.py: 0
[2020-01-03 19:27:23] EDIT abencoado/views/equipe/acesso_venda.html: 0
[2020-01-03 19:27:44] CREATE equipe/alterar_venda.html: 0
[2020-01-03 19:28:11] EDIT abencoado/views/equipe/alterar_venda.html: 0
[2020-01-03 19:29:26] EDIT abencoado/controllers/equipe.py: 0
[2020-01-03 19:30:12] EDIT abencoado/controllers/equipe.py: 0
[2020-01-03 19:30:38] EDIT abencoado/controllers/equipe.py: 0
[2020-01-03 19:32:10] EDIT abencoado/controllers/equipe.py: 0
[2020-01-03 19:32:47] EDIT abencoado/controllers/equipe.py: 3
[2020-01-03 19:34:26] EDIT abencoado/views/equipe/acesso_venda.html: 0
[2020-01-03 19:39:15] EDIT abencoado/views/mercadoria/acesso_mercadoria.html: 4
[2020-01-03 19:39:57] EDIT abencoado/views/mercadoria/acesso_mercadoria.html: 6
[2020-01-03 19:40:25] EDIT abencoado/views/mercadoria/acesso_mercadoria.html: 0
[2020-01-03 19:43:55] EDIT abencoado/views/mercadoria/acesso_mercadoria.html: 3
[2020-01-03 19:44:28] EDIT abencoado/views/mercadoria/acesso_carrada.html: 0
[2020-01-03 19:46:07] EDIT abencoado/views/mercadoria/acesso_carrada.html: 0
[2020-01-03 19:47:50] EDIT abencoado/views/mercadoria/acesso_mercadoria.html: 0
[2020-01-03 19:49:36] EDIT abencoado/views/mercadoria/acesso_carrada.html: 7
[2020-01-03 19:51:46] EDIT abencoado/views/mercadoria/acesso_carrada.html: 1
[2020-01-03 19:52:21] EDIT abencoado/views/mercadoria/acesso_carrada.html: 0
[2020-01-03 19:53:21] EDIT abencoado/views/mercadoria/acesso_carrada.html: 0
[2020-01-03 19:56:17] EDIT abencoado/views/despesa/acesso_despesa.html: 0
[2020-01-03 19:56:35] EDIT abencoado/views/despesa/acesso_despesa.html: 0
[2020-01-03 19:57:19] EDIT abencoado/views/despesa/acesso_despesa.html: 1
[2020-01-03 19:57:42] EDIT abencoado/views/despesa/acesso_despesa.html: 5
[2020-01-03 19:58:57] EDIT abencoado/views/despesa/acesso_despesa.html: 2
[2020-01-03 19:59:41] EDIT abencoado/views/despesa/acesso_despesa.html: 0
[2020-01-03 20:01:07] EDIT abencoado/views/despesa/acesso_despesa.html: 0
[2020-01-03 20:02:05] EDIT abencoado/views/despesa/acesso_despesa.html: 0
[2020-01-03 20:03:04] EDIT abencoado/views/despesa/acesso_class_despesa.html: 0
[2020-01-03 20:03:32] EDIT abencoado/views/despesa/acesso_class_despesa.html: 0
[2020-01-03 20:04:10] EDIT abencoado/views/despesa/acesso_class_despesa.html: 5
[2020-01-03 20:04:43] EDIT abencoado/views/despesa/acesso_class_despesa.html: 1
[2020-01-03 20:05:02] EDIT abencoado/views/despesa/acesso_class_despesa.html: 0
[2020-01-03 20:06:05] EDIT abencoado/controllers/despesa.py: 0
[2020-01-03 20:07:50] EDIT abencoado/views/equipe/acesso_funcionario.html: 0
[2020-01-03 20:09:57] EDIT abencoado/views/equipe/acesso_funcionario.html: 8
[2020-01-03 20:10:37] EDIT abencoado/views/equipe/acesso_funcionario.html: 2
[2020-01-03 20:35:29] EDIT abencoado/views/equipe/acesso_venda.html: 1
[2020-01-03 20:35:58] EDIT abencoado/views/equipe/acesso_venda.html: 0
[2020-01-03 20:36:33] EDIT abencoado/views/equipe/acesso_venda.html: 0
[2020-01-03 20:36:44] EDIT abencoado/views/equipe/acesso_venda.html: 0
[2020-01-03 20:37:40] EDIT abencoado/views/equipe/acesso_venda.html: 1
[2020-01-03 20:39:43] EDIT abencoado/views/equipe/acesso_venda.html: 9
[2020-01-03 20:40:03] EDIT abencoado/views/equipe/acesso_venda.html: 0
[2020-01-03 20:44:29] EDIT abencoado/views/equipe/acesso_venda.html: 15
[2020-01-03 20:45:06] EDIT abencoado/views/equipe/acesso_venda.html: 0
[2020-01-03 20:45:27] EDIT abencoado/views/equipe/acesso_venda.html: 0
[2020-01-03 20:47:30] EDIT abencoado/views/equipe/acesso_venda.html: 4
[2020-01-03 20:49:44] EDIT abencoado/views/equipe/acesso_venda.html: 0
[2020-01-03 20:50:37] EDIT abencoado/views/equipe/acesso_venda.html: 0
[2020-01-03 20:51:39] EDIT abencoado/views/equipe/acesso_venda.html: 0
[2020-01-03 20:53:10] EDIT abencoado/views/equipe/acesso_equipe.html: 3
[2020-01-03 20:54:10] EDIT abencoado/views/equipe/acesso_equipe.html: 0
[2020-01-03 20:54:20] EDIT abencoado/views/equipe/acesso_equipe.html: 0
[2020-01-03 20:56:32] EDIT abencoado/views/equipe/acesso_equipe.html: 7
[2020-01-03 20:57:27] EDIT abencoado/views/equipe/acesso_equipe.html: 8
[2020-01-03 21:00:31] EDIT abencoado/views/equipe/acesso_equipe.html: 0
[2020-01-03 21:01:16] EDIT abencoado/views/equipe/acesso_equipe.html: 0
[2020-01-03 21:03:02] EDIT abencoado/models/tabelas.py: 0
[2020-01-03 21:05:26] EDIT abencoado/views/equipe/acesso_venda.html: 3
[2020-01-03 21:06:10] EDIT abencoado/views/equipe/acesso_venda.html: 3
[2020-01-03 21:06:44] EDIT abencoado/views/equipe/acesso_venda.html: 2
[2020-01-03 21:09:34] EDIT abencoado/views/equipe/acesso_venda.html: 0
[2020-01-03 21:09:51] EDIT abencoado/views/equipe/acesso_venda.html: 0
[2020-01-03 21:10:01] EDIT abencoado/views/equipe/acesso_venda.html: 0
[2020-01-03 21:14:15] EDIT abencoado/views/equipe/acesso_venda.html: 4
[2020-01-03 21:14:56] EDIT abencoado/views/equipe/acesso_venda.html: 17
[2020-01-03 21:15:18] EDIT abencoado/views/equipe/acesso_venda.html: -22
[2020-01-03 21:17:02] EDIT abencoado/views/equipe/acesso_venda.html: 9
[2020-01-03 21:17:50] EDIT abencoado/views/equipe/acesso_venda.html: -5
[2020-01-03 21:18:09] EDIT abencoado/views/equipe/acesso_venda.html: -1
[2020-01-03 21:18:16] EDIT abencoado/views/equipe/acesso_venda.html: -1
[2020-01-03 21:19:34] EDIT abencoado/views/equipe/acesso_venda.html: 3
[2020-01-03 21:19:43] EDIT abencoado/views/equipe/acesso_venda.html: 0
[2020-01-03 21:19:55] EDIT abencoado/views/equipe/acesso_venda.html: -2
[2020-01-03 21:20:52] EDIT abencoado/views/equipe/acesso_venda.html: 4
[2020-01-03 21:21:12] EDIT abencoado/views/equipe/acesso_venda.html: -24
[2020-01-03 21:22:10] EDIT abencoado/views/equipe/acesso_venda.html: 22
[2020-01-03 21:22:50] EDIT abencoado/views/equipe/acesso_venda.html: 0
[2020-01-03 21:23:17] EDIT abencoado/views/equipe/acesso_venda.html: -12
[2020-01-03 21:23:27] EDIT abencoado/views/equipe/acesso_venda.html: -10
[2020-01-03 21:42:09] EDIT abencoado/views/equipe/acesso_venda.html: 10
[2020-01-03 21:42:53] EDIT abencoado/views/equipe/acesso_venda.html: -7
[2020-01-03 21:44:53] EDIT abencoado/views/equipe/acesso_venda.html: 6
[2020-01-03 21:45:07] EDIT abencoado/views/equipe/acesso_venda.html: 0
[2020-01-03 21:47:04] EDIT abencoado/views/equipe/acesso_venda.html: 4
[2020-01-03 21:49:26] EDIT abencoado/views/equipe/acesso_venda.html: 6
[2020-01-03 21:49:49] EDIT abencoado/views/equipe/acesso_venda.html: 0
[2020-01-03 21:50:57] EDIT abencoado/views/equipe/acesso_venda.html: 0
[2020-01-03 21:51:15] EDIT abencoado/views/equipe/acesso_venda.html: 0
[2020-01-07 01:22:15] EDIT abencoado/controllers/equipe.py: 0
[2020-01-07 01:22:58] EDIT abencoado/controllers/equipe.py: 0
[2020-01-07 01:24:29] EDIT abencoado/models/tabelas.py: 1
[2020-01-07 01:25:25] EDIT abencoado/models/tabelas.py: -1
[2020-01-07 01:26:11] EDIT abencoado/controllers/equipe.py: 1
[2020-01-07 01:26:52] EDIT abencoado/controllers/equipe.py: -1
[2020-01-07 01:27:09] EDIT abencoado/controllers/equipe.py: 1
[2020-01-07 01:27:40] EDIT abencoado/controllers/equipe.py: 0
[2020-01-07 01:27:51] EDIT abencoado/controllers/equipe.py: 0
[2020-01-07 01:28:29] EDIT abencoado/controllers/equipe.py: 0
[2020-01-07 01:30:39] EDIT abencoado/controllers/equipe.py: -1
[2020-01-07 01:31:27] EDIT abencoado/controllers/equipe.py: 0
[2020-01-07 01:31:53] EDIT abencoado/controllers/equipe.py: 0
[2020-01-07 01:32:39] EDIT abencoado/controllers/despesa.py: 0
[2020-01-07 01:33:04] EDIT abencoado/controllers/mercadoria.py: 0
[2020-01-07 01:33:21] EDIT abencoado/controllers/mercadoria.py: 0
[2020-01-07 01:33:44] EDIT abencoado/controllers/default.py: 0
[2020-01-07 01:39:53] EDIT abencoado/views/equipe/acesso_equipe.html: 2
[2020-01-07 01:40:20] EDIT abencoado/views/equipe/acesso_equipe.html: 0
[2020-01-07 01:45:33] EDIT abencoado/controllers/equipe.py: 0
[2020-01-07 01:49:05] EDIT abencoado/views/equipe/acesso_equipe.html: 3
[2020-01-07 01:50:13] EDIT abencoado/views/equipe/acesso_equipe.html: 0
[2020-01-07 01:50:56] EDIT abencoado/views/equipe/acesso_equipe.html: 0
[2020-01-07 01:51:50] EDIT abencoado/views/equipe/acesso_equipe.html: 1
[2020-01-07 01:53:19] EDIT abencoado/views/equipe/acesso_equipe.html: 0
[2020-01-07 01:53:59] EDIT abencoado/views/equipe/acesso_equipe.html: 0
[2020-01-07 01:55:02] EDIT abencoado/views/equipe/acesso_equipe.html: -5
[2020-01-07 01:55:30] EDIT abencoado/views/equipe/acesso_equipe.html: 5
[2020-01-07 01:55:48] EDIT abencoado/views/equipe/acesso_equipe.html: 0
[2020-01-07 01:56:40] EDIT abencoado/views/equipe/acesso_equipe.html: -4
[2020-01-07 01:57:23] EDIT abencoado/views/equipe/acesso_equipe.html: 2
[2020-01-07 01:58:12] EDIT abencoado/views/equipe/acesso_equipe.html: 2
[2020-01-07 01:58:40] EDIT abencoado/views/equipe/acesso_equipe.html: 0
[2020-01-07 01:58:51] EDIT abencoado/views/equipe/acesso_equipe.html: 0
[2020-01-07 01:58:54] EDIT abencoado/views/equipe/acesso_equipe.html: 0
[2020-01-07 02:00:21] EDIT abencoado/views/equipe/acesso_equipe.html: 0
[2020-01-07 02:01:39] EDIT abencoado/views/equipe/acesso_equipe.html: 0
[2020-01-07 02:02:07] EDIT abencoado/views/equipe/acesso_equipe.html: 0
[2020-01-07 02:05:10] EDIT abencoado/views/default/acesso_geral_projeto.html: 4
[2020-01-07 02:05:32] EDIT abencoado/views/default/acesso_geral_projeto.html: 0
[2020-01-07 02:06:15] EDIT abencoado/controllers/default.py: 3
[2020-01-07 02:06:29] CREATE default/relatorio.html: 0
[2020-01-07 02:06:31] EDIT abencoado/views/default/relatorio.html: 0
[2020-01-07 02:12:13] EDIT abencoado/views/equipe/acesso_venda.html: 1
[2020-01-07 02:13:42] EDIT abencoado/views/equipe/acesso_venda.html: 0
[2020-01-07 02:15:53] EDIT abencoado/controllers/equipe.py: 0
[2020-01-07 02:16:17] EDIT abencoado/controllers/equipe.py: 0
[2020-01-07 02:17:50] EDIT abencoado/views/equipe/acesso_venda.html: 0
[2020-01-07 02:18:09] EDIT abencoado/views/equipe/acesso_venda.html: 0
[2020-01-07 02:18:39] EDIT abencoado/controllers/equipe.py: 0
[2020-01-07 02:19:52] EDIT abencoado/views/equipe/acesso_venda.html: 0
[2020-01-07 02:20:09] EDIT abencoado/views/equipe/acesso_venda.html: 0
[2020-01-07 02:20:58] EDIT abencoado/views/equipe/acesso_venda.html: 0
[2020-01-07 02:22:00] EDIT abencoado/views/equipe/acesso_venda.html: 0
[2020-01-07 02:22:17] EDIT abencoado/views/equipe/acesso_venda.html: 0
[2020-01-07 02:34:41] EDIT abencoado/views/default/relatorio.html: 4
[2020-01-07 02:35:04] EDIT abencoado/views/default/relatorio.html: 4
[2020-01-07 02:35:58] EDIT abencoado/views/default/relatorio.html: 0
[2020-01-07 02:37:04] EDIT abencoado/views/default/relatorio.html: 6
[2020-01-07 02:37:56] EDIT abencoado/views/default/relatorio.html: 5
[2020-01-07 02:38:11] EDIT abencoado/views/default/relatorio.html: 0
[2020-01-07 02:40:07] EDIT abencoado/views/mercadoria/acesso_carrada.html: 3
[2020-01-07 02:41:51] EDIT abencoado/controllers/default.py: 1
[2020-01-07 02:42:23] EDIT abencoado/views/default/relatorio.html: 0
[2020-01-07 02:43:08] EDIT abencoado/views/default/relatorio.html: 0
[2020-01-07 02:43:51] EDIT abencoado/views/default/relatorio.html: 0
[2020-01-07 02:44:21] EDIT abencoado/views/default/relatorio.html: 0
[2020-01-07 02:45:09] EDIT abencoado/views/default/relatorio.html: -1
[2020-01-07 02:45:27] EDIT abencoado/views/default/relatorio.html: 0
[2020-01-07 02:47:39] EDIT abencoado/views/default/relatorio.html: 0
[2020-01-07 02:49:31] EDIT abencoado/views/despesa/acesso_class_despesa.html: 2
[2020-01-07 02:49:44] EDIT abencoado/views/default/relatorio.html: 0
[2020-01-07 02:51:35] EDIT abencoado/views/default/relatorio.html: 0
[2020-01-07 02:53:18] EDIT abencoado/views/equipe/acesso_equipe.html: 1
[2020-01-07 02:53:47] EDIT abencoado/views/equipe/acesso_equipe.html: 1
[2020-01-07 02:54:20] EDIT abencoado/views/equipe/acesso_equipe.html: 1
[2020-01-07 02:55:01] EDIT abencoado/views/default/relatorio.html: 0
[2020-01-07 02:56:53] EDIT abencoado/views/equipe/acesso_equipe.html: 1
[2020-01-07 02:57:59] EDIT abencoado/views/equipe/acesso_funcionario.html: 2
[2020-01-07 02:59:02] EDIT abencoado/views/default/relatorio.html: 1
[2020-01-07 02:59:41] EDIT abencoado/views/default/relatorio.html: 0
[2020-01-07 03:01:50] EDIT abencoado/controllers/equipe.py: 0
[2020-01-07 03:04:14] EDIT abencoado/views/default/relatorio.html: 0
[2020-01-07 15:20:37] EDIT abencoado/controllers/default.py: 0
[2020-01-07 15:24:57] EDIT abencoado/controllers/default.py: 0
[2020-01-07 15:26:36] EDIT abencoado/controllers/default.py: 0
[2020-01-07 15:28:45] EDIT abencoado/views/default/grade.html: 19
[2020-01-07 15:29:23] EDIT abencoado/models/menu.py: 1
[2020-01-07 15:30:36] EDIT abencoado/controllers/default.py: 4
[2020-01-07 15:30:51] CREATE default/indexnew.html: 0
[2020-01-07 15:31:03] EDIT abencoado/views/default/indexnew.html: 32
[2020-01-07 15:31:17] EDIT abencoado/views/default/indexnew.html: 0
[2020-01-07 15:32:21] EDIT abencoado/views/default/indexnew.html: 0
[2020-01-07 15:32:56] EDIT abencoado/views/default/indexnew.html: 0
[2020-01-07 15:33:41] EDIT abencoado/controllers/default.py: 0
[2020-01-07 15:34:14] EDIT abencoado/controllers/default.py: 0
[2020-01-07 15:34:37] EDIT abencoado/views/default/indexnew.html: 0
[2020-01-07 15:35:42] EDIT abencoado/views/default/grade.html: 0
[2020-01-07 15:36:55] EDIT abencoado/models/menu.py: 2
[2020-01-07 15:37:14] EDIT abencoado/models/menu.py: 1
[2020-01-07 15:39:41] EDIT abencoado/models/menu.py: 1
[2020-01-07 15:39:43] EDIT abencoado/models/menu.py: -1
[2020-01-07 15:41:03] EDIT abencoado/models/menu.py: 0
[2020-01-07 15:43:04] EDIT abencoado/models/menu.py: 0
[2020-01-07 15:43:08] EDIT abencoado/models/menu.py: 0
[2020-01-07 15:43:59] EDIT abencoado/models/menu.py: 1
[2020-01-07 15:44:29] EDIT abencoado/models/menu.py: 0
[2020-01-07 15:45:36] EDIT abencoado/models/menu.py: 0
[2020-01-07 15:45:52] EDIT abencoado/models/menu.py: 0
[2020-01-08 01:50:43] EDIT abencoado/views/equipe/acesso_equipe.html: 0
[2020-01-08 01:51:29] EDIT abencoado/views/equipe/acesso_equipe.html: 1
[2020-01-08 01:52:58] EDIT abencoado/views/equipe/acesso_equipe.html: 0
[2020-01-08 01:53:44] EDIT abencoado/views/equipe/acesso_equipe.html: 2
[2020-01-08 01:55:45] EDIT abencoado/views/equipe/acesso_equipe.html: -2
[2020-01-08 01:58:22] EDIT abencoado/views/equipe/acesso_equipe.html: 0
[2020-01-08 02:08:20] EDIT abencoado/views/equipe/acesso_venda.html: 76
[2020-01-08 02:10:21] EDIT abencoado/views/equipe/acesso_venda.html: 0
[2020-01-08 02:11:18] EDIT abencoado/views/equipe/acesso_venda.html: 0
[2020-01-08 02:11:53] EDIT abencoado/views/equipe/acesso_venda.html: 0
[2020-01-08 02:12:28] EDIT abencoado/views/equipe/acesso_venda.html: 0
[2020-01-08 02:12:48] EDIT abencoado/views/equipe/acesso_venda.html: 0
[2020-01-08 02:12:57] EDIT abencoado/views/equipe/acesso_venda.html: 0
[2020-01-08 02:13:26] EDIT abencoado/views/equipe/acesso_venda.html: 0
[2020-01-08 02:14:39] EDIT abencoado/views/equipe/acesso_venda.html: 2
[2020-01-08 20:19:44] EDIT abencoado/controllers/equipe.py: 0
[2020-01-08 20:23:19] EDIT abencoado/views/equipe/acesso_venda.html: 1
[2020-01-08 20:23:57] EDIT abencoado/views/equipe/acesso_venda.html: 1
[2020-01-08 20:24:20] EDIT abencoado/views/equipe/acesso_venda.html: 1
[2020-01-08 20:24:31] EDIT abencoado/views/equipe/acesso_venda.html: 1
[2020-01-08 20:25:23] EDIT abencoado/views/equipe/acesso_venda.html: 2
[2020-01-08 20:26:01] EDIT abencoado/views/equipe/acesso_venda.html: 0
[2020-01-08 20:27:21] EDIT abencoado/views/equipe/acesso_venda.html: 0
[2020-01-08 20:30:36] EDIT abencoado/views/equipe/acesso_funcionario.html: 3
[2020-01-08 20:32:11] EDIT abencoado/views/equipe/acesso_funcionario.html: 4
[2020-01-08 20:33:15] EDIT abencoado/controllers/equipe.py: 0
[2020-01-08 20:33:25] EDIT abencoado/controllers/equipe.py: 0
[2020-01-08 20:33:40] EDIT abencoado/controllers/equipe.py: 0
[2020-01-08 20:34:04] EDIT abencoado/controllers/despesa.py: 0
[2020-01-08 20:36:10] EDIT abencoado/views/default/relatorio.html: 0
[2020-01-08 20:38:42] EDIT abencoado/controllers/despesa.py: 0
[2020-01-08 21:54:03] EDIT abencoado/models/menu.py: -1
[2020-01-08 21:54:32] EDIT abencoado/models/menu.py: 1
[2020-01-08 21:54:45] EDIT abencoado/models/menu.py: 0
[2020-01-08 22:00:35] EDIT abencoado/models/menu.py: 0
[2020-01-08 22:06:02] EDIT abencoado/views/layout.html: 0
[2020-01-08 22:06:57] EDIT abencoado/views/layout.html: 0
[2020-01-09 01:13:31] EDIT abencoado/controllers/mercadoria.py: 0
[2020-01-09 01:13:53] EDIT abencoado/controllers/mercadoria.py: 0
[2020-01-09 01:17:20] EDIT abencoado/views/equipe/acesso_equipe.html: 4
[2020-01-09 01:17:42] EDIT abencoado/views/equipe/acesso_equipe.html: 0
[2020-01-09 01:17:55] EDIT abencoado/views/equipe/acesso_equipe.html: 0
[2020-01-09 01:18:38] EDIT abencoado/views/equipe/acesso_equipe.html: 1
[2020-01-09 01:19:03] EDIT abencoado/views/equipe/acesso_equipe.html: 1
[2020-01-09 01:19:07] EDIT abencoado/views/equipe/acesso_equipe.html: 0
[2020-01-09 01:22:49] EDIT abencoado/views/equipe/acesso_funcionario.html: 4
[2020-01-09 01:23:04] EDIT abencoado/views/equipe/acesso_funcionario.html: 1
[2020-01-09 01:29:50] EDIT abencoado/views/equipe/acesso_funcionario.html: 1
[2020-01-09 01:30:12] EDIT abencoado/views/equipe/acesso_funcionario.html: 0
[2020-01-09 01:30:45] EDIT abencoado/views/equipe/acesso_equipe.html: 0
[2020-01-09 01:31:07] EDIT abencoado/views/equipe/acesso_equipe.html: 0
[2020-01-09 01:33:43] EDIT abencoado/controllers/equipe.py: 0
[2020-01-09 01:34:23] EDIT abencoado/controllers/equipe.py: 0
[2020-01-09 01:40:20] EDIT abencoado/controllers/mercadoria.py: 0
[2020-01-09 01:40:37] EDIT abencoado/controllers/mercadoria.py: 0
[2020-01-09 01:43:29] EDIT abencoado/controllers/despesa.py: 0
[2020-01-09 01:44:13] EDIT abencoado/views/despesa/acesso_class_despesa.html: 4
[2020-01-09 01:44:42] EDIT abencoado/views/despesa/acesso_class_despesa.html: 0
[2020-01-09 01:45:01] EDIT abencoado/views/despesa/acesso_class_despesa.html: 1
[2020-01-09 01:46:18] EDIT abencoado/views/despesa/acesso_class_despesa.html: 0
[2020-01-09 02:13:22] EDIT abencoado/controllers/default.py: 1
[2020-01-09 02:16:02] EDIT abencoado/controllers/mercadoria.py: 4
[2020-01-09 02:19:19] EDIT abencoado/controllers/equipe.py: 8
[2020-01-09 02:20:40] EDIT abencoado/controllers/despesa.py: 4
[2020-01-09 02:35:52] EDIT abencoado/views/equipe/acesso_venda.html: 1
[2020-01-09 02:38:03] EDIT abencoado/views/equipe/acesso_venda.html: 0
[2020-01-09 02:44:06] EDIT abencoado/views/mercadoria/acesso_mercadoria.html: 0
[2020-01-09 02:45:07] EDIT abencoado/views/mercadoria/acesso_mercadoria.html: 0
[2020-01-09 02:45:38] EDIT abencoado/views/mercadoria/acesso_carrada.html: 0
[2020-01-09 02:46:32] EDIT abencoado/views/equipe/acesso_funcionario.html: 0
[2020-01-09 02:47:54] EDIT abencoado/views/equipe/acesso_funcionario.html: 0
[2020-01-09 02:47:57] EDIT abencoado/views/equipe/acesso_funcionario.html: 0
[2020-01-09 02:48:31] EDIT abencoado/views/equipe/acesso_funcionario.html: 0
[2020-01-09 02:48:55] EDIT abencoado/views/equipe/alterar_funcionario.html: 0
[2020-01-09 02:49:08] EDIT abencoado/views/equipe/criar_funcionario.html: 0
[2020-01-09 02:50:13] EDIT abencoado/views/default/acesso_geral_projeto.html: 0
[2020-01-09 02:50:30] EDIT abencoado/views/default/acesso_geral_projeto.html: 0
[2020-01-09 02:51:17] EDIT abencoado/views/despesa/acesso_class_despesa.html: 0
[2020-01-09 02:51:28] EDIT abencoado/views/despesa/acesso_despesa.html: 0
[2020-01-09 02:55:06] EDIT abencoado/models/menu.py: 0
[2020-01-09 02:55:53] EDIT abencoado/views/layout.html: 0
[2020-01-09 20:58:15] EDIT abencoado/models/tabelas.py: 0
[2020-01-09 20:58:52] EDIT abencoado/models/tabelas.py: 0
[2020-01-09 20:59:49] EDIT abencoado/models/tabelas.py: 0
[2020-01-10 02:06:14] EDIT abencoado/views/layout.html: 0
[2020-01-10 02:09:45] EDIT abencoado/views/default/acesso_geral_projeto.html: 0
[2020-01-10 02:36:02] EDIT abencoado/private/appconfig.ini: 0
[2020-01-10 02:37:12] EDIT abencoado/private/appconfig.ini: 0
[2020-01-10 03:09:58] EDIT abencoado/views/default/relatorio.html: 5
[2020-01-10 03:12:11] EDIT abencoado/views/default/relatorio.html: 11
[2020-01-10 03:12:42] EDIT abencoado/views/default/relatorio.html: 0
[2020-01-10 03:12:57] EDIT abencoado/views/default/relatorio.html: 2
[2020-01-10 03:15:02] EDIT abencoado/views/default/relatorio.html: 2
[2020-01-10 03:15:35] EDIT abencoado/views/default/relatorio.html: 1
[2020-01-10 03:17:55] EDIT abencoado/views/equipe/acesso_venda.html: 1
[2020-01-10 03:19:53] EDIT abencoado/views/equipe/acesso_equipe.html: 3
[2020-01-10 03:24:41] EDIT abencoado/views/default/relatorio.html: 0
[2020-01-10 03:26:18] EDIT abencoado/views/default/relatorio.html: -6
[2020-01-10 03:27:15] EDIT abencoado/views/default/relatorio.html: 0
[2020-01-10 03:40:50] EDIT abencoado/views/default/index.html: 0
[2020-01-10 03:46:11] EDIT abencoado/controllers/default.py: 4
[2020-01-10 03:46:43] EDIT abencoado/controllers/default.py: 0
[2020-01-10 03:47:33] EDIT abencoado/controllers/default.py: 0
[2020-01-10 03:48:01] CREATE default/navegacao.html: 0
[2020-01-10 03:54:02] EDIT abencoado/models/tabelas.py: 0
[2020-01-10 03:55:28] EDIT abencoado/models/tabelas.py: 0
[2020-01-10 03:55:55] EDIT abencoado/models/tabelas.py: 0
[2020-01-10 03:57:15] EDIT abencoado/models/tabelas.py: 0
[2020-01-10 03:57:28] EDIT abencoado/models/tabelas.py: 0
[2020-01-10 04:14:19] EDIT abencoado/models/tabelas.py: 1
[2020-01-10 04:14:56] EDIT abencoado/models/tabelas.py: 0
[2020-01-10 04:16:55] EDIT abencoado/models/tabelas.py: 1
[2020-01-10 04:17:14] EDIT abencoado/models/tabelas.py: 0
[2020-01-10 04:17:43] EDIT abencoado/models/tabelas.py: 1
[2020-01-10 04:18:38] EDIT abencoado/models/tabelas.py: 1
[2020-01-10 04:19:11] EDIT abencoado/models/tabelas.py: -1
[2020-01-10 04:19:30] EDIT abencoado/models/tabelas.py: 1
[2020-01-10 04:19:48] EDIT abencoado/models/tabelas.py: 1
[2020-01-10 04:28:39] EDIT abencoado/views/default/navegacao.html: 0
[2020-01-10 04:29:21] EDIT abencoado/views/default/navegacao.html: -1
[2020-01-10 04:30:44] EDIT abencoado/views/default/navegacao.html: 34
[2020-01-10 04:39:22] EDIT abencoado/controllers/default.py: 0
[2020-01-10 04:40:18] EDIT abencoado/controllers/default.py: 0
[2020-01-10 04:40:37] EDIT abencoado/controllers/default.py: 0
[2020-01-10 05:08:48] EDIT abencoado/views/default/relatorio.html: 1
[2020-01-10 05:10:31] EDIT abencoado/views/default/indexnew.html: 0
[2020-01-10 05:11:23] EDIT abencoado/views/default/relatorio.html: -1
[2020-01-10 05:12:13] EDIT abencoado/views/layout.html: 0
[2020-01-10 05:14:50] EDIT abencoado/views/layout.html: 0
[2020-01-10 05:15:50] EDIT abencoado/views/default/acesso_geral_projeto.html: 3
[2020-01-10 05:19:03] EDIT abencoado/views/default/acesso_geral_projeto.html: 0
[2020-01-10 05:19:33] EDIT abencoado/views/default/acesso_geral_projeto.html: 0
[2020-01-10 05:19:57] EDIT abencoado/views/default/acesso_geral_projeto.html: 0
[2020-01-10 05:20:23] EDIT abencoado/views/default/acesso_geral_projeto.html: 0
[2020-01-10 05:20:50] EDIT abencoado/views/default/acesso_geral_projeto.html: 0
[2020-01-10 05:21:29] EDIT abencoado/views/default/acesso_geral_projeto.html: 0
[2020-01-10 05:23:56] EDIT abencoado/views/default/acesso_geral_projeto.html: -2
[2020-01-10 05:25:12] EDIT abencoado/views/default/acesso_geral_projeto.html: 2
[2020-01-10 05:28:13] EDIT abencoado/views/default/acesso_geral_projeto.html: 2
[2020-01-10 05:33:16] EDIT abencoado/controllers/default.py: 1
[2020-01-10 21:49:54] EDIT abencoado/views/default/relatorio.html: 2
[2020-01-10 21:52:21] EDIT abencoado/views/default/relatorio.html: 0
[2020-01-10 21:52:58] EDIT abencoado/views/default/relatorio.html: 0
[2020-01-10 21:53:13] EDIT abencoado/views/default/relatorio.html: 0
[2020-01-10 21:54:20] EDIT abencoado/views/default/relatorio.html: 0
[2020-01-10 21:55:27] EDIT abencoado/views/default/relatorio.html: 2
[2020-01-10 21:55:47] EDIT abencoado/views/default/relatorio.html: 0
[2020-01-10 21:56:10] EDIT abencoado/views/default/relatorio.html: 0
[2020-01-10 21:59:38] EDIT abencoado/views/default/relatorio.html: 5
[2020-01-10 22:00:02] EDIT abencoado/views/default/relatorio.html: 0
[2020-01-10 22:00:20] EDIT abencoado/views/default/relatorio.html: 1
[2020-01-10 22:03:17] EDIT abencoado/views/default/relatorio.html: 0
[2020-01-10 22:04:05] EDIT abencoado/views/default/relatorio.html: 0
[2020-01-10 22:07:01] EDIT abencoado/views/default/relatorio.html: 0
[2020-01-10 22:07:20] EDIT abencoado/views/default/relatorio.html: 0
[2020-01-10 22:07:26] EDIT abencoado/views/default/relatorio.html: 0
[2020-01-10 22:17:12] EDIT abencoado/views/equipe/acesso_equipe.html: 2
[2020-01-10 22:17:16] EDIT abencoado/views/equipe/acesso_equipe.html: 0
[2020-01-11 18:57:36] EDIT abencoado/models/tabelas.py: 0
[2020-01-11 21:33:57] EDIT abencoado/views/default/relatorio.html: 10
[2020-01-11 21:34:25] EDIT abencoado/views/default/relatorio.html: 0
[2020-01-11 21:34:55] EDIT abencoado/views/default/relatorio.html: 0
[2020-01-11 21:35:20] EDIT abencoado/views/default/relatorio.html: 0
[2020-01-11 21:35:49] EDIT abencoado/views/default/relatorio.html: -2
[2020-01-11 21:36:32] EDIT abencoado/views/default/relatorio.html: 2
[2020-01-11 21:36:55] EDIT abencoado/views/default/relatorio.html: 0
[2020-01-11 21:37:10] EDIT abencoado/views/default/relatorio.html: 0
[2020-01-11 21:39:42] EDIT abencoado/views/default/relatorio.html: 3
[2020-01-11 21:39:49] EDIT abencoado/views/default/relatorio.html: 0
[2020-01-11 21:40:13] EDIT abencoado/views/default/relatorio.html: 0
[2020-01-11 21:40:29] EDIT abencoado/views/default/relatorio.html: 0
[2020-01-11 21:40:45] EDIT abencoado/views/default/relatorio.html: 0
[2020-01-11 21:42:29] EDIT abencoado/views/default/relatorio.html: 4
[2020-01-13 01:50:19] EDIT abencoado/views/equipe/acesso_venda.html: 4
[2020-01-13 01:50:35] EDIT abencoado/views/equipe/acesso_venda.html: 1
[2020-01-13 14:30:19] EDIT abencoado/models/tabelas.py: 1
[2020-01-13 14:30:35] EDIT abencoado/models/tabelas.py: 0
[2020-01-13 14:57:50] EDIT abencoado/controllers/default.py: 0
[2020-01-13 15:02:27] EDIT abencoado/controllers/default.py: 0
[2020-01-13 15:32:43] EDIT abencoado/models/tabelas.py: 2
[2020-01-13 15:33:28] EDIT abencoado/models/tabelas.py: 0
[2020-01-13 15:37:55] EDIT abencoado/views/default/relatorio.html: 3
[2020-01-13 15:37:59] EDIT abencoado/views/default/relatorio.html: 0
[2020-01-13 15:38:07] EDIT abencoado/views/default/relatorio.html: -1
[2020-01-13 15:39:32] EDIT abencoado/views/default/relatorio.html: 0
[2020-01-13 15:40:05] EDIT abencoado/views/default/relatorio.html: 0
[2020-01-13 15:40:37] EDIT abencoado/views/default/relatorio.html: 0
[2020-01-13 16:16:13] EDIT abencoado/views/default/relatorio.html: 1
[2020-01-13 16:16:28] EDIT abencoado/views/default/relatorio.html: 0
[2020-01-13 16:16:55] EDIT abencoado/views/default/relatorio.html: 0
[2020-01-13 16:37:54] EDIT abencoado/views/default/relatorio.html: 0
[2020-01-14 04:04:01] EDIT abencoado/views/default/relatorio.html: 1
[2020-01-14 04:05:03] EDIT abencoado/views/default/relatorio.html: 4
[2020-01-14 04:05:14] EDIT abencoado/views/default/relatorio.html: 0
[2020-01-14 04:08:36] EDIT abencoado/views/default/acesso_geral_projeto.html: 3
[2020-01-14 04:09:29] EDIT abencoado/views/default/acesso_geral_projeto.html: 0
[2020-01-14 04:10:37] EDIT abencoado/views/default/acesso_geral_projeto.html: 0
[2020-01-14 04:12:58] EDIT abencoado/controllers/default.py: 5
[2020-01-14 04:14:15] EDIT abencoado/models/tabelas.py: 6
[2020-01-14 04:14:48] EDIT abencoado/models/tabelas.py: 0
[2020-01-14 04:14:50] EDIT abencoado/models/tabelas.py: 0
[2020-01-14 04:15:18] EDIT abencoado/views/default/acesso_geral_projeto.html: 0
[2020-01-14 04:16:01] CREATE default/venda_vista.html: 0
[2020-01-14 04:16:48] EDIT abencoado/views/despesa/acesso_despesa.html: 0
[2020-01-14 04:18:07] EDIT abencoado/views/default/venda_vista.html: 30
[2020-01-14 04:18:15] EDIT abencoado/views/default/venda_vista.html: 0
[2020-01-14 04:18:27] EDIT abencoado/views/default/venda_vista.html: 0
[2020-01-14 04:19:09] EDIT abencoado/views/default/venda_vista.html: 0
[2020-01-14 04:19:38] EDIT abencoado/views/default/venda_vista.html: 0
[2020-01-14 04:20:09] EDIT abencoado/views/default/venda_vista.html: 0
[2020-01-14 04:20:36] EDIT abencoado/views/default/venda_vista.html: 0
[2020-01-14 04:20:52] EDIT abencoado/views/default/venda_vista.html: 0
[2020-01-14 04:21:38] EDIT abencoado/views/default/venda_vista.html: -2
[2020-01-14 04:22:22] EDIT abencoado/controllers/default.py: 12
[2020-01-14 04:22:49] EDIT abencoado/controllers/default.py: 0
[2020-01-14 04:23:03] EDIT abencoado/controllers/default.py: 0
[2020-01-14 04:23:20] CREATE default/criar_venda.html: 0
[2020-01-14 04:24:04] EDIT abencoado/views/default/criar_venda.html: 0
[2020-01-14 04:25:03] EDIT abencoado/controllers/default.py: 0
[2020-01-14 04:25:24] EDIT abencoado/controllers/default.py: 0
[2020-01-14 04:25:32] EDIT abencoado/controllers/default.py: 0
[2020-01-14 04:25:56] EDIT abencoado/controllers/default.py: 0
[2020-01-14 04:26:00] EDIT abencoado/controllers/default.py: 0
[2020-01-14 04:27:15] EDIT abencoado/controllers/default.py: 2
[2020-01-14 04:29:00] EDIT abencoado/controllers/default.py: 18
[2020-01-14 04:29:12] CREATE default/alterar_venda.html: 0
[2020-01-14 04:29:25] EDIT abencoado/views/default/alterar_venda.html: 0
[2020-01-14 04:31:13] EDIT abencoado/views/default/venda_vista.html: 2
[2020-01-14 04:31:42] EDIT abencoado/views/default/venda_vista.html: 0
[2020-01-14 04:35:53] EDIT abencoado/views/equipe/acesso_venda.html: -5
[2020-01-14 04:37:34] EDIT abencoado/controllers/default.py: 0
[2020-01-14 04:37:43] EDIT abencoado/controllers/default.py: 0
[2020-01-14 04:39:18] EDIT abencoado/models/tabelas.py: 0
[2020-01-14 04:39:22] EDIT abencoado/models/tabelas.py: 0
[2020-01-14 10:19:28] EDIT abencoado/controllers/default.py: 0
[2020-01-14 10:19:31] EDIT abencoado/controllers/default.py: 0
[2020-01-14 10:26:04] EDIT abencoado/controllers/default.py: -3
[2020-01-14 15:07:41] EDIT abencoado/controllers/default.py: 0
[2020-01-14 15:13:32] EDIT abencoado/views/default/navegacao.html: -31
[2020-01-14 15:13:38] EDIT abencoado/views/default/navegacao.html: -2
[2020-01-15 20:49:19] EDIT abencoado/views/equipe/acesso_equipe.html: -1
[2020-01-15 20:56:49] EDIT abencoado/controllers/default.py: 2
[2020-01-15 20:57:11] EDIT abencoado/controllers/default.py: 0
[2020-01-15 20:59:56] EDIT abencoado/views/default/venda_vista.html: 6
[2020-01-15 21:00:21] EDIT abencoado/views/default/venda_vista.html: 0
[2020-01-15 21:02:54] EDIT abencoado/views/default/venda_vista.html: 0
[2020-01-15 21:03:49] EDIT abencoado/views/default/venda_vista.html: 0
[2020-01-15 21:05:08] EDIT abencoado/views/default/venda_vista.html: 0
[2020-01-15 21:05:45] EDIT abencoado/views/default/venda_vista.html: -3
[2020-01-15 21:06:54] EDIT abencoado/views/default/venda_vista.html: 4
[2020-01-15 21:09:24] EDIT abencoado/views/default/venda_vista.html: -1
[2020-01-15 21:09:37] EDIT abencoado/views/default/venda_vista.html: 0
[2020-01-15 21:10:18] EDIT abencoado/views/default/venda_vista.html: 0
[2020-01-15 21:10:54] EDIT abencoado/views/default/venda_vista.html: 0
[2020-01-15 21:11:32] EDIT abencoado/views/default/venda_vista.html: 0
[2020-01-15 21:11:54] EDIT abencoado/views/default/venda_vista.html: 1
[2020-01-15 21:11:58] EDIT abencoado/views/default/venda_vista.html: 0
[2020-01-15 21:15:44] EDIT abencoado/views/default/venda_vista.html: -5
[2020-01-15 21:15:53] EDIT abencoado/views/default/venda_vista.html: 1
[2020-01-15 21:16:20] EDIT abencoado/views/default/venda_vista.html: 0
[2020-01-15 21:17:08] EDIT abencoado/views/default/venda_vista.html: 0
[2020-01-15 21:17:44] EDIT abencoado/views/default/venda_vista.html: 1
[2020-01-15 21:19:38] EDIT abencoado/views/default/venda_vista.html: 2
[2020-01-15 21:19:56] EDIT abencoado/views/default/venda_vista.html: 1
[2020-01-15 21:20:28] EDIT abencoado/views/default/venda_vista.html: 0
[2020-01-15 21:20:56] EDIT abencoado/views/default/venda_vista.html: 1
[2020-01-15 21:21:22] EDIT abencoado/views/default/venda_vista.html: 2
[2020-01-15 21:21:40] EDIT abencoado/views/default/venda_vista.html: 1
[2020-01-15 21:21:56] EDIT abencoado/views/default/venda_vista.html: 0
[2020-01-15 21:24:32] EDIT abencoado/controllers/default.py: 0
[2020-01-15 21:41:57] EDIT abencoado/controllers/equipe.py: 0
[2020-01-15 21:42:00] EDIT abencoado/controllers/equipe.py: 0
[2020-01-15 21:42:17] EDIT abencoado/controllers/equipe.py: 0
[2020-01-15 21:42:37] EDIT abencoado/controllers/equipe.py: 0
[2020-01-15 21:43:07] EDIT abencoado/controllers/equipe.py: 0
[2020-01-15 21:43:24] EDIT abencoado/controllers/equipe.py: 0
[2020-01-15 21:46:34] EDIT abencoado/views/default/venda_vista.html: 0
[2020-01-15 21:47:28] EDIT abencoado/controllers/default.py: 0
[2020-01-15 21:49:22] EDIT abencoado/models/tabelas.py: 1
[2020-01-16 17:27:39] EDIT abencoado/controllers/default.py: 0
[2020-01-16 17:28:47] EDIT abencoado/controllers/default.py: 0
[2020-01-16 17:33:29] EDIT abencoado/controllers/default.py: 2
[2020-01-16 17:35:11] EDIT abencoado/controllers/default.py: 0
[2020-01-16 17:35:49] EDIT abencoado/controllers/default.py: 0
[2020-01-16 17:38:19] EDIT abencoado/controllers/default.py: 0
[2020-01-16 17:38:58] EDIT abencoado/controllers/default.py: 0
[2020-01-16 17:39:59] EDIT abencoado/controllers/default.py: 0
[2020-01-17 02:26:29] EDIT abencoado/controllers/default.py: 1
[2020-01-17 02:28:22] EDIT abencoado/controllers/default.py: 1
[2020-01-17 02:30:02] EDIT abencoado/controllers/default.py: -2
[2020-01-17 02:30:19] EDIT abencoado/controllers/default.py: 0
[2020-01-17 02:30:29] EDIT abencoado/controllers/default.py: 0
[2020-01-17 02:30:58] EDIT abencoado/controllers/default.py: 0
[2020-01-17 02:32:38] EDIT abencoado/controllers/default.py: 0
[2020-01-17 02:32:40] EDIT abencoado/controllers/default.py: 0
[2020-01-17 02:32:42] EDIT abencoado/controllers/default.py: 0
[2020-01-17 02:32:46] EDIT abencoado/controllers/default.py: 0
[2020-01-17 02:32:52] EDIT abencoado/controllers/default.py: 0
[2020-01-17 02:32:53] EDIT abencoado/controllers/default.py: 0
[2020-01-17 02:33:01] EDIT abencoado/controllers/default.py: 0
[2020-01-17 02:34:00] EDIT abencoado/controllers/default.py: 0
[2020-01-17 02:34:14] EDIT abencoado/controllers/default.py: 0
[2020-01-17 02:34:19] EDIT abencoado/controllers/default.py: 0
[2020-01-17 02:34:25] EDIT abencoado/controllers/default.py: 0
[2020-01-17 02:35:09] EDIT abencoado/controllers/default.py: 0
[2020-01-17 02:35:28] EDIT abencoado/controllers/default.py: 0
[2020-01-17 02:35:37] EDIT abencoado/controllers/default.py: 0
[2020-01-17 02:37:46] EDIT abencoado/controllers/default.py: 3
[2020-01-17 02:38:26] EDIT abencoado/controllers/default.py: 0
[2020-01-17 02:38:51] EDIT abencoado/controllers/default.py: 0
[2020-01-17 02:39:06] EDIT abencoado/controllers/default.py: 0
[2020-01-17 02:39:45] EDIT abencoado/controllers/default.py: 0
[2020-01-17 02:40:35] EDIT abencoado/controllers/default.py: 0
[2020-01-17 02:40:44] EDIT abencoado/controllers/default.py: 0
[2020-01-17 02:41:04] EDIT abencoado/controllers/default.py: 0
[2020-01-17 02:41:34] EDIT abencoado/controllers/default.py: 0
[2020-01-17 02:42:08] EDIT abencoado/controllers/default.py: 0
[2020-01-17 02:50:17] EDIT abencoado/controllers/default.py: 4
[2020-01-17 02:51:02] EDIT abencoado/views/default/relatorio.html: 3
[2020-01-17 02:54:11] EDIT abencoado/controllers/default.py: 0
[2020-01-17 02:55:51] EDIT abencoado/controllers/default.py: 1
[2020-01-17 02:56:50] EDIT abencoado/controllers/default.py: 0
[2020-01-17 02:58:03] EDIT abencoado/controllers/default.py: 0
[2020-01-17 03:00:26] EDIT abencoado/controllers/default.py: -1
[2020-01-17 03:01:04] EDIT abencoado/controllers/default.py: 0
[2020-01-17 03:04:16] EDIT abencoado/controllers/default.py: -3
[2020-01-17 03:04:57] EDIT abencoado/views/default/relatorio.html: 0
[2020-01-17 03:06:38] EDIT abencoado/views/default/relatorio.html: 1
[2020-01-17 03:07:04] EDIT abencoado/views/default/relatorio.html: 0
[2020-01-17 03:07:20] EDIT abencoado/views/default/relatorio.html: 0
[2020-01-17 03:12:35] EDIT abencoado/views/default/relatorio.html: 0
[2020-01-17 03:14:41] EDIT abencoado/controllers/default.py: 1
[2020-01-17 03:19:35] EDIT abencoado/controllers/default.py: 2
[2020-01-17 03:20:04] EDIT abencoado/controllers/default.py: 1
[2020-01-17 03:20:15] EDIT abencoado/views/default/relatorio.html: 1
[2020-01-17 03:20:50] EDIT abencoado/controllers/default.py: 0
[2020-01-17 03:21:08] EDIT abencoado/controllers/default.py: 0
[2020-01-17 03:21:39] EDIT abencoado/controllers/default.py: 0
[2020-01-17 03:22:25] EDIT abencoado/controllers/default.py: 0
[2020-01-17 03:23:12] EDIT abencoado/controllers/default.py: 0
[2020-01-17 03:23:34] EDIT abencoado/controllers/default.py: 0
[2020-01-17 03:24:02] EDIT abencoado/controllers/default.py: 0
[2020-01-17 03:30:27] EDIT abencoado/controllers/default.py: 3
[2020-01-17 03:30:48] EDIT abencoado/controllers/default.py: 0
[2020-01-17 03:30:49] EDIT abencoado/controllers/default.py: 0
[2020-01-17 03:31:33] EDIT abencoado/controllers/default.py: -2
[2020-01-17 03:31:35] EDIT abencoado/controllers/default.py: 0
[2020-01-17 03:32:15] EDIT abencoado/controllers/default.py: 0
[2020-01-17 03:32:37] EDIT abencoado/controllers/default.py: 0
[2020-01-17 03:32:52] EDIT abencoado/controllers/default.py: 0
[2020-01-17 03:33:38] EDIT abencoado/controllers/default.py: 2
[2020-01-17 03:35:08] EDIT abencoado/controllers/default.py: 1
[2020-01-17 03:35:37] EDIT abencoado/controllers/default.py: 1
[2020-01-17 03:37:03] EDIT abencoado/views/default/relatorio.html: 0
[2020-01-17 03:37:14] EDIT abencoado/views/default/relatorio.html: 0
[2020-01-17 03:38:35] EDIT abencoado/views/default/relatorio.html: 0
[2020-01-17 03:39:01] EDIT abencoado/views/default/relatorio.html: -1
[2020-01-17 03:39:30] EDIT abencoado/views/default/relatorio.html: 2
[2020-01-17 03:39:56] EDIT abencoado/views/default/relatorio.html: 1
[2020-01-17 03:40:29] EDIT abencoado/views/default/relatorio.html: 0
[2020-01-17 03:40:48] EDIT abencoado/views/default/relatorio.html: 0
[2020-01-17 03:41:21] EDIT abencoado/views/default/relatorio.html: 0
[2020-01-17 03:41:31] EDIT abencoado/views/default/relatorio.html: 0
[2020-01-17 03:42:55] EDIT abencoado/views/default/relatorio.html: 0
[2020-01-17 03:44:10] EDIT abencoado/views/default/relatorio.html: 0
[2020-01-17 03:52:33] EDIT abencoado/views/default/relatorio.html: 0
[2020-01-17 03:52:39] EDIT abencoado/views/default/relatorio.html: 0
[2020-01-17 03:52:45] EDIT abencoado/views/default/relatorio.html: 0
[2020-01-17 03:53:13] EDIT abencoado/views/default/relatorio.html: 0
[2020-01-17 04:02:46] EDIT abencoado/controllers/default.py: 2
[2020-01-17 04:07:22] EDIT abencoado/views/equipe/acesso_venda.html: 0
[2020-01-17 04:07:36] EDIT abencoado/views/equipe/acesso_venda.html: 0
[2020-01-17 04:08:31] EDIT abencoado/views/equipe/acesso_venda.html: 0
[2020-01-17 04:09:31] EDIT abencoado/views/equipe/acesso_venda.html: 0
[2020-01-17 04:16:05] EDIT abencoado/controllers/default.py: -1
[2020-01-17 11:53:05] EDIT abencoado/controllers/default.py: 0
[2020-01-17 12:01:31] EDIT abencoado/views/despesa/acesso_despesa.html: 0
[2020-01-17 12:02:52] EDIT abencoado/views/despesa/acesso_despesa.html: 0
[2020-01-17 12:04:06] EDIT abencoado/views/despesa/acesso_despesa.html: 0
[2020-01-17 15:00:47] EDIT abencoado/controllers/default.py: 4
[2020-01-17 15:02:36] EDIT abencoado/controllers/default.py: 1
[2020-01-17 15:03:56] EDIT abencoado/models/tabelas.py: 0
[2020-01-17 15:08:53] EDIT abencoado/views/despesa/acesso_despesa.html: 4
[2020-01-17 15:09:31] EDIT abencoado/views/despesa/acesso_despesa.html: 0
[2020-01-18 17:03:02] EDIT abencoado/controllers/despesa.py: 0
[2020-01-18 18:52:36] CREATE grafico.py: 0
[2020-01-18 18:52:58] CREATE grafico/index.html: 0
[2020-01-18 18:55:44] EDIT abencoado/views/grafico/index.html: 0
[2020-01-18 18:56:42] EDIT abencoado/views/grafico/index.html: 1
[2020-01-18 18:58:43] EDIT abencoado/views/grafico/index.html: 3
[2020-01-18 19:00:25] EDIT abencoado/views/grafico/index.html: 3
[2020-01-18 19:02:19] EDIT abencoado/views/grafico/index.html: 3
[2020-01-18 19:03:09] EDIT abencoado/views/grafico/index.html: 0
[2020-01-18 19:04:36] EDIT abencoado/views/grafico/index.html: 3
[2020-01-18 19:04:46] EDIT abencoado/views/grafico/index.html: 0
[2020-01-18 19:05:46] EDIT abencoado/views/grafico/index.html: 1
[2020-01-18 19:06:04] EDIT abencoado/views/grafico/index.html: -4
[2020-01-18 19:08:05] EDIT abencoado/views/grafico/index.html: 7
[2020-01-18 19:08:08] EDIT abencoado/views/grafico/index.html: 0
[2020-01-18 19:08:19] EDIT abencoado/views/grafico/index.html: -5
[2020-01-18 19:08:48] EDIT abencoado/views/grafico/index.html: 5
[2020-01-18 19:10:12] EDIT abencoado/views/grafico/index.html: 13
[2020-01-18 19:10:38] EDIT abencoado/views/grafico/index.html: 0
[2020-01-18 19:11:00] EDIT abencoado/views/grafico/index.html: 0
[2020-01-18 19:11:14] EDIT abencoado/views/grafico/index.html: -5
[2020-01-18 19:11:27] EDIT abencoado/views/grafico/index.html: -5
[2020-01-18 19:12:05] EDIT abencoado/views/grafico/index.html: 0
[2020-01-18 19:12:23] EDIT abencoado/views/grafico/index.html: 0
[2020-01-18 19:12:45] EDIT abencoado/views/grafico/index.html: 0
[2020-01-18 19:13:33] EDIT abencoado/views/grafico/index.html: 21
[2020-01-18 19:14:34] EDIT abencoado/views/grafico/index.html: -5
[2020-01-18 19:14:57] EDIT abencoado/views/grafico/index.html: -5
[2020-01-18 19:15:25] EDIT abencoado/views/grafico/index.html: -6
[2020-01-18 19:15:41] EDIT abencoado/views/grafico/index.html: 0
[2020-01-18 19:15:49] EDIT abencoado/views/grafico/index.html: 0
[2020-01-18 19:15:58] EDIT abencoado/views/grafico/index.html: -9
[2020-01-18 19:16:15] EDIT abencoado/views/grafico/index.html: 0
[2020-01-18 19:16:35] EDIT abencoado/views/grafico/index.html: 0
[2020-01-18 19:17:23] EDIT abencoado/views/grafico/index.html: 0
[2020-01-18 19:17:40] EDIT abencoado/views/grafico/index.html: 0
[2020-01-18 19:17:55] EDIT abencoado/views/grafico/index.html: -1
[2020-01-18 19:18:26] EDIT abencoado/views/grafico/index.html: 2
[2020-01-18 19:18:27] EDIT abencoado/views/grafico/index.html: 0
[2020-01-18 19:18:55] EDIT abencoado/views/grafico/index.html: 0
[2020-01-18 19:19:53] EDIT abencoado/views/grafico/index.html: 1
[2020-01-18 19:20:06] EDIT abencoado/views/grafico/index.html: -1
[2020-01-18 19:29:22] EDIT abencoado/controllers/grafico.py: 6
[2020-01-18 19:29:44] EDIT abencoado/controllers/grafico.py: 0
[2020-01-18 19:29:55] EDIT abencoado/controllers/grafico.py: 0
[2020-01-18 19:30:09] EDIT abencoado/controllers/grafico.py: -5
[2020-01-18 19:30:22] EDIT abencoado/controllers/grafico.py: 4
[2020-01-18 19:31:17] EDIT abencoado/controllers/grafico.py: 0
[2020-01-18 19:32:42] EDIT abencoado/views/grafico/index.html: 4
[2020-01-18 19:35:20] EDIT abencoado/views/equipe/acesso_venda.html: 18
[2020-01-18 19:36:14] EDIT abencoado/views/equipe/acesso_venda.html: 0
[2020-01-18 19:37:00] EDIT abencoado/views/equipe/acesso_venda.html: 2
[2020-01-18 19:37:31] EDIT abencoado/views/equipe/acesso_venda.html: -20
[2020-01-18 19:37:53] EDIT abencoado/views/grafico/index.html: -2
[2020-01-18 19:38:40] EDIT abencoado/views/equipe/acesso_venda.html: 22
[2020-01-18 19:39:15] EDIT abencoado/views/equipe/acesso_venda.html: -22
[2020-01-18 19:39:31] EDIT abencoado/views/default/venda_vista.html: 22
[2020-01-18 19:40:17] EDIT abencoado/views/default/venda_vista.html: 0
[2020-01-18 19:40:53] EDIT abencoado/views/default/venda_vista.html: -1
[2020-01-18 19:41:31] EDIT abencoado/views/default/venda_vista.html: 2
[2020-01-18 19:41:46] EDIT abencoado/views/default/venda_vista.html: 0
[2020-01-18 19:43:02] EDIT abencoado/views/default/venda_vista.html: 0
[2020-01-18 19:43:53] EDIT abencoado/views/default/venda_vista.html: 1
[2020-01-18 19:44:18] EDIT abencoado/views/default/venda_vista.html: 2
[2020-01-18 19:44:36] EDIT abencoado/views/default/venda_vista.html: 1
[2020-01-18 19:44:58] EDIT abencoado/views/default/venda_vista.html: 0
[2020-01-18 19:45:18] EDIT abencoado/views/default/venda_vista.html: 0
[2020-01-18 19:45:51] EDIT abencoado/views/default/venda_vista.html: 0
[2020-01-18 19:46:12] EDIT abencoado/views/default/venda_vista.html: 0
[2020-01-18 19:46:47] EDIT abencoado/views/default/venda_vista.html: 0
[2020-01-18 19:49:18] EDIT abencoado/views/default/venda_vista.html: 0
[2020-01-18 19:50:01] EDIT abencoado/views/default/venda_vista.html: 0
[2020-01-18 19:51:01] EDIT abencoado/views/default/venda_vista.html: 0
[2020-01-18 19:51:51] EDIT abencoado/views/default/venda_vista.html: 0
[2020-01-18 19:52:33] EDIT abencoado/views/default/venda_vista.html: 0
[2020-01-18 19:52:45] EDIT abencoado/views/default/venda_vista.html: 0
[2020-01-18 19:53:22] EDIT abencoado/views/default/venda_vista.html: 0
[2020-01-18 19:53:45] EDIT abencoado/views/default/venda_vista.html: 0
[2020-01-18 19:53:54] EDIT abencoado/views/default/venda_vista.html: 0
[2020-01-18 19:54:07] EDIT abencoado/views/default/venda_vista.html: 0
[2020-01-18 19:54:21] EDIT abencoado/views/default/venda_vista.html: 0
[2020-01-18 19:54:29] EDIT abencoado/views/default/venda_vista.html: 0
[2020-01-18 19:54:49] EDIT abencoado/views/default/venda_vista.html: 0
[2020-01-18 19:55:27] EDIT abencoado/views/default/venda_vista.html: 0
[2020-01-18 19:55:53] EDIT abencoado/views/default/venda_vista.html: 0
[2020-01-18 19:56:05] EDIT abencoado/views/default/venda_vista.html: 0
[2020-01-18 19:56:18] EDIT abencoado/views/default/venda_vista.html: 0
[2020-01-18 19:56:48] EDIT abencoado/views/default/venda_vista.html: 0
[2020-01-18 19:59:03] EDIT abencoado/views/default/venda_vista.html: 0
[2020-01-18 19:59:53] EDIT abencoado/views/default/venda_vista.html: 0
[2020-01-18 20:00:43] EDIT abencoado/views/default/venda_vista.html: 0
[2020-01-18 20:00:54] EDIT abencoado/views/default/venda_vista.html: 0
[2020-01-18 20:01:20] EDIT abencoado/views/default/venda_vista.html: 0
[2020-01-18 20:01:59] EDIT abencoado/views/default/venda_vista.html: 0
[2020-01-18 20:02:59] EDIT abencoado/views/default/venda_vista.html: 0
[2020-01-18 20:04:22] EDIT abencoado/views/default/venda_vista.html: 0
[2020-01-18 20:05:45] EDIT abencoado/views/mercadoria/acesso_carrada.html: 18
[2020-01-18 20:06:35] EDIT abencoado/views/mercadoria/acesso_carrada.html: 2
[2020-01-18 20:07:14] EDIT abencoado/views/mercadoria/acesso_carrada.html: 1
[2020-01-18 20:07:45] EDIT abencoado/views/mercadoria/acesso_carrada.html: 0
[2020-01-18 20:08:13] EDIT abencoado/views/mercadoria/acesso_carrada.html: 1
[2020-01-18 20:08:31] EDIT abencoado/views/mercadoria/acesso_carrada.html: 0
[2020-01-18 20:08:44] EDIT abencoado/views/mercadoria/acesso_carrada.html: 0
[2020-01-18 20:09:09] EDIT abencoado/views/mercadoria/acesso_carrada.html: 0
[2020-01-18 20:10:34] EDIT abencoado/views/mercadoria/acesso_carrada.html: 0
[2020-01-18 20:10:45] EDIT abencoado/views/mercadoria/acesso_carrada.html: 0
[2020-01-18 20:11:04] EDIT abencoado/views/mercadoria/acesso_carrada.html: 0
[2020-01-18 20:12:13] EDIT abencoado/views/mercadoria/acesso_carrada.html: -22
[2020-01-18 20:13:10] EDIT abencoado/views/despesa/acesso_class_despesa.html: 18
[2020-01-18 20:14:37] EDIT abencoado/views/despesa/acesso_class_despesa.html: 4
[2020-01-18 20:15:09] EDIT abencoado/views/despesa/acesso_class_despesa.html: 0
[2020-01-18 20:16:15] EDIT abencoado/views/despesa/acesso_class_despesa.html: 0
[2020-01-18 20:16:57] EDIT abencoado/views/despesa/acesso_class_despesa.html: 0
[2020-01-18 20:17:19] EDIT abencoado/views/despesa/acesso_class_despesa.html: 0
[2020-01-18 20:24:47] EDIT abencoado/views/default/acesso_geral_projeto.html: 0
[2020-01-18 20:24:59] EDIT abencoado/views/default/acesso_geral_projeto.html: 0
[2020-01-18 20:25:26] EDIT abencoado/views/default/acesso_geral_projeto.html: 2
[2020-01-18 20:29:14] EDIT abencoado/views/default/acesso_geral_projeto.html: 18
[2020-01-18 20:29:42] EDIT abencoado/views/default/acesso_geral_projeto.html: 0
[2020-01-18 20:29:54] EDIT abencoado/views/default/acesso_geral_projeto.html: 0
[2020-01-18 20:29:57] EDIT abencoado/views/default/acesso_geral_projeto.html: 0
[2020-01-18 20:30:19] EDIT abencoado/views/default/acesso_geral_projeto.html: -1
[2020-01-18 20:30:31] EDIT abencoado/views/default/acesso_geral_projeto.html: -1
[2020-01-18 20:30:44] EDIT abencoado/views/default/acesso_geral_projeto.html: 3
[2020-01-18 20:30:56] EDIT abencoado/views/default/acesso_geral_projeto.html: 1
[2020-01-18 20:31:09] EDIT abencoado/views/default/acesso_geral_projeto.html: -2
[2020-01-18 20:31:43] EDIT abencoado/views/default/acesso_geral_projeto.html: 0
[2020-01-18 20:33:14] EDIT abencoado/views/default/acesso_geral_projeto.html: 0
[2020-01-18 20:33:26] EDIT abencoado/views/default/acesso_geral_projeto.html: 0
[2020-01-18 20:33:43] EDIT abencoado/views/default/acesso_geral_projeto.html: 0
[2020-01-18 20:33:57] EDIT abencoado/views/default/acesso_geral_projeto.html: 0
[2020-01-18 20:34:09] EDIT abencoado/views/default/acesso_geral_projeto.html: 0
[2020-01-18 20:35:42] EDIT abencoado/controllers/default.py: 1
[2020-01-18 20:35:49] EDIT abencoado/controllers/default.py: 0
[2020-01-18 20:35:54] EDIT abencoado/controllers/default.py: 0
[2020-01-18 20:38:00] EDIT abencoado/views/default/acesso_geral_projeto.html: 6
[2020-01-18 20:38:43] EDIT abencoado/views/default/acesso_geral_projeto.html: 0
[2020-01-18 20:39:22] EDIT abencoado/controllers/default.py: 0
[2020-01-18 20:40:28] EDIT abencoado/controllers/default.py: 0
[2020-01-18 20:40:38] EDIT abencoado/controllers/default.py: 0
[2020-01-18 20:41:57] EDIT abencoado/controllers/default.py: 0
[2020-01-18 20:42:07] EDIT abencoado/views/default/acesso_geral_projeto.html: 0
[2020-01-18 20:42:38] EDIT abencoado/views/default/acesso_geral_projeto.html: 0
[2020-01-18 20:43:00] EDIT abencoado/views/default/acesso_geral_projeto.html: 0
[2020-01-18 20:43:15] EDIT abencoado/views/default/acesso_geral_projeto.html: 0
[2020-01-18 20:43:16] EDIT abencoado/views/default/acesso_geral_projeto.html: 0
[2020-01-18 20:43:40] EDIT abencoado/views/default/acesso_geral_projeto.html: 0
[2020-01-18 20:44:03] EDIT abencoado/views/default/acesso_geral_projeto.html: 0
[2020-01-18 20:44:21] EDIT abencoado/views/default/acesso_geral_projeto.html: 0
[2020-01-18 20:45:19] EDIT abencoado/views/default/acesso_geral_projeto.html: 2
[2020-01-18 20:45:40] EDIT abencoado/views/default/acesso_geral_projeto.html: 0
[2020-01-18 20:47:42] EDIT abencoado/views/default/acesso_geral_projeto.html: 0
[2020-01-18 20:48:51] EDIT abencoado/views/default/acesso_geral_projeto.html: 2
[2020-01-18 20:49:48] EDIT abencoado/views/default/acesso_geral_projeto.html: 2
[2020-01-18 20:50:15] EDIT abencoado/views/default/acesso_geral_projeto.html: 0
[2020-01-18 20:50:26] EDIT abencoado/views/default/acesso_geral_projeto.html: -2
[2020-01-18 20:50:40] EDIT abencoado/views/default/acesso_geral_projeto.html: -2
[2020-01-18 20:51:39] EDIT abencoado/views/default/acesso_geral_projeto.html: 0
[2020-01-18 20:51:54] EDIT abencoado/views/default/acesso_geral_projeto.html: 0
[2020-01-18 20:52:11] EDIT abencoado/views/default/acesso_geral_projeto.html: 0
[2020-01-18 20:54:45] EDIT abencoado/views/default/acesso_geral_projeto.html: 1
[2020-01-18 20:55:11] EDIT abencoado/views/default/acesso_geral_projeto.html: 0
[2020-01-18 20:56:05] EDIT abencoado/views/default/acesso_geral_projeto.html: 0
[2020-01-18 20:56:16] EDIT abencoado/views/default/acesso_geral_projeto.html: -1
[2020-01-18 20:57:41] EDIT abencoado/views/default/acesso_geral_projeto.html: 0
[2020-01-18 20:58:10] EDIT abencoado/views/default/acesso_geral_projeto.html: 0
[2020-01-18 20:58:21] EDIT abencoado/views/default/acesso_geral_projeto.html: 0
[2020-01-18 20:58:29] EDIT abencoado/views/default/acesso_geral_projeto.html: 0
[2020-01-18 20:58:44] EDIT abencoado/views/default/acesso_geral_projeto.html: 0
[2020-01-18 20:59:11] EDIT abencoado/views/default/acesso_geral_projeto.html: 0
[2020-01-18 20:59:25] EDIT abencoado/views/default/acesso_geral_projeto.html: 1
[2020-01-18 20:59:53] EDIT abencoado/views/default/acesso_geral_projeto.html: 0
[2020-01-18 21:00:17] EDIT abencoado/views/default/acesso_geral_projeto.html: 1
[2020-01-18 21:00:59] EDIT abencoado/views/default/acesso_geral_projeto.html: 0
[2020-01-18 21:01:20] EDIT abencoado/views/default/acesso_geral_projeto.html: 0
[2020-01-18 21:01:40] EDIT abencoado/views/default/acesso_geral_projeto.html: 0
[2020-01-18 21:02:06] EDIT abencoado/views/default/acesso_geral_projeto.html: 0
[2020-01-18 21:02:19] EDIT abencoado/views/default/acesso_geral_projeto.html: 0
[2020-01-18 21:02:51] EDIT abencoado/views/default/acesso_geral_projeto.html: 0
[2020-01-18 21:02:56] EDIT abencoado/views/default/acesso_geral_projeto.html: 0
[2020-01-18 21:03:25] EDIT abencoado/views/default/acesso_geral_projeto.html: 0
[2020-01-18 21:03:54] EDIT abencoado/views/default/acesso_geral_projeto.html: 0
[2020-01-18 21:04:22] EDIT abencoado/views/default/acesso_geral_projeto.html: 0
[2020-01-18 21:04:48] EDIT abencoado/views/default/acesso_geral_projeto.html: 0
[2020-01-18 21:04:59] EDIT abencoado/views/default/acesso_geral_projeto.html: 0
[2020-01-18 21:05:06] EDIT abencoado/views/default/acesso_geral_projeto.html: 0
[2020-01-18 21:05:29] EDIT abencoado/views/default/acesso_geral_projeto.html: 0
[2020-01-18 21:05:52] EDIT abencoado/views/default/acesso_geral_projeto.html: -2
[2020-01-18 21:08:04] EDIT abencoado/views/default/acesso_geral_projeto.html: 0
[2020-01-18 21:08:19] EDIT abencoado/views/default/acesso_geral_projeto.html: 0
[2020-01-18 21:08:29] EDIT abencoado/views/default/acesso_geral_projeto.html: 0
[2020-01-18 21:09:42] EDIT abencoado/views/default/acesso_geral_projeto.html: 0
[2020-01-18 21:09:59] EDIT abencoado/views/default/acesso_geral_projeto.html: 1
[2020-01-18 21:10:07] EDIT abencoado/views/default/acesso_geral_projeto.html: 0
[2020-01-18 21:10:42] EDIT abencoado/views/default/acesso_geral_projeto.html: 0
[2020-01-18 21:11:09] EDIT abencoado/views/default/acesso_geral_projeto.html: 0
[2020-01-18 21:11:41] EDIT abencoado/views/default/acesso_geral_projeto.html: 0
[2020-01-18 21:13:35] EDIT abencoado/views/default/acesso_geral_projeto.html: 1
[2020-01-18 21:13:49] EDIT abencoado/views/default/acesso_geral_projeto.html: 0
[2020-01-18 21:14:36] EDIT abencoado/views/default/acesso_geral_projeto.html: 0
[2020-01-18 21:15:21] EDIT abencoado/views/default/acesso_geral_projeto.html: 1
[2020-01-18 21:15:38] EDIT abencoado/views/default/acesso_geral_projeto.html: 1
[2020-01-18 21:17:38] EDIT abencoado/views/default/acesso_geral_projeto.html: 3
[2020-01-18 21:18:23] EDIT abencoado/views/default/acesso_geral_projeto.html: -7
[2020-01-18 21:18:46] EDIT abencoado/views/default/acesso_geral_projeto.html: 1
[2020-01-18 21:20:25] EDIT abencoado/views/default/acesso_geral_projeto.html: 3
[2020-01-18 21:20:38] EDIT abencoado/views/default/acesso_geral_projeto.html: 0
[2020-01-18 21:20:48] EDIT abencoado/views/default/acesso_geral_projeto.html: 0
[2020-01-18 21:20:55] EDIT abencoado/views/default/acesso_geral_projeto.html: 0
[2020-01-18 21:21:07] EDIT abencoado/views/default/acesso_geral_projeto.html: 1
[2020-01-18 21:22:16] EDIT abencoado/views/default/acesso_geral_projeto.html: 1
[2020-01-18 21:22:27] EDIT abencoado/views/default/acesso_geral_projeto.html: 0
[2020-01-18 21:22:40] EDIT abencoado/views/default/acesso_geral_projeto.html: 0
[2020-01-18 21:23:26] EDIT abencoado/views/default/acesso_geral_projeto.html: 1
[2020-01-18 21:25:49] EDIT abencoado/views/default/acesso_geral_projeto.html: 0
[2020-01-18 21:26:02] EDIT abencoado/views/default/acesso_geral_projeto.html: 0
[2020-01-18 21:26:28] EDIT abencoado/views/default/acesso_geral_projeto.html: 3
[2020-01-18 21:26:32] EDIT abencoado/views/default/acesso_geral_projeto.html: -3
[2020-01-18 21:27:01] EDIT abencoado/views/default/acesso_geral_projeto.html: 0
[2020-01-18 21:27:40] EDIT abencoado/views/default/acesso_geral_projeto.html: 0
[2020-01-18 21:28:01] EDIT abencoado/views/default/acesso_geral_projeto.html: 0
[2020-01-18 21:28:17] EDIT abencoado/views/default/acesso_geral_projeto.html: -2
[2020-01-18 21:29:22] EDIT abencoado/views/default/acesso_geral_projeto.html: 0
[2020-01-18 21:29:43] EDIT abencoado/views/default/acesso_geral_projeto.html: 0
[2020-01-18 21:30:16] EDIT abencoado/views/default/acesso_geral_projeto.html: 0
[2020-01-18 21:30:39] EDIT abencoado/views/default/acesso_geral_projeto.html: 0
[2020-01-18 21:31:28] EDIT abencoado/views/default/acesso_geral_projeto.html: 2
[2020-01-18 21:31:52] EDIT abencoado/views/default/acesso_geral_projeto.html: -1
[2020-01-18 21:34:01] EDIT abencoado/views/default/acesso_geral_projeto.html: 1
[2020-01-18 21:34:36] EDIT abencoado/views/default/acesso_geral_projeto.html: 0
[2020-01-18 21:35:25] EDIT abencoado/views/default/acesso_geral_projeto.html: -1
[2020-01-18 21:35:36] EDIT abencoado/views/default/acesso_geral_projeto.html: 1
[2020-01-18 21:36:15] EDIT abencoado/views/default/acesso_geral_projeto.html: 1
[2020-01-18 21:36:38] EDIT abencoado/views/default/acesso_geral_projeto.html: 0
[2020-01-18 21:37:59] EDIT abencoado/views/default/acesso_geral_projeto.html: 0
[2020-01-18 21:38:14] EDIT abencoado/views/default/acesso_geral_projeto.html: 0
[2020-01-18 21:38:40] EDIT abencoado/views/default/acesso_geral_projeto.html: 0
[2020-01-18 21:39:17] EDIT abencoado/views/default/acesso_geral_projeto.html: 0
[2020-01-18 21:39:31] EDIT abencoado/views/default/acesso_geral_projeto.html: 0
[2020-01-18 21:39:40] EDIT abencoado/views/default/acesso_geral_projeto.html: 0
[2020-01-18 21:39:43] EDIT abencoado/views/default/acesso_geral_projeto.html: 0
[2020-01-18 21:40:57] EDIT abencoado/views/default/acesso_geral_projeto.html: 1
[2020-01-18 21:41:14] EDIT abencoado/views/default/acesso_geral_projeto.html: -1
[2020-01-18 21:42:17] EDIT abencoado/views/default/acesso_geral_projeto.html: 0
[2020-01-18 21:42:44] EDIT abencoado/views/default/acesso_geral_projeto.html: 0
[2020-01-18 21:43:06] EDIT abencoado/views/default/acesso_geral_projeto.html: 0
[2020-01-18 21:43:19] EDIT abencoado/views/default/acesso_geral_projeto.html: 0
[2020-01-18 21:43:43] EDIT abencoado/views/default/acesso_geral_projeto.html: 0
[2020-01-18 21:45:08] EDIT abencoado/views/default/acesso_geral_projeto.html: 0
[2020-01-18 21:45:43] EDIT abencoado/views/default/acesso_geral_projeto.html: 0
[2020-01-18 21:46:14] EDIT abencoado/views/default/acesso_geral_projeto.html: 0
[2020-01-18 21:46:34] EDIT abencoado/views/default/acesso_geral_projeto.html: 0
[2020-01-18 21:46:39] EDIT abencoado/views/default/acesso_geral_projeto.html: 0
[2020-01-18 21:46:54] EDIT abencoado/views/default/acesso_geral_projeto.html: 0
[2020-01-18 21:47:12] EDIT abencoado/views/default/acesso_geral_projeto.html: 0
[2020-01-18 21:47:33] EDIT abencoado/views/default/acesso_geral_projeto.html: 0
[2020-01-18 21:47:49] EDIT abencoado/views/default/acesso_geral_projeto.html: 0
[2020-01-18 21:48:24] EDIT abencoado/views/default/acesso_geral_projeto.html: 0
[2020-01-18 21:48:36] EDIT abencoado/views/default/acesso_geral_projeto.html: 0
[2020-01-18 21:48:42] EDIT abencoado/views/default/acesso_geral_projeto.html: 0
[2020-01-18 21:50:40] EDIT abencoado/views/default/acesso_geral_projeto.html: 0
[2020-01-18 21:50:59] EDIT abencoado/views/default/acesso_geral_projeto.html: 0
[2020-01-18 21:51:07] EDIT abencoado/views/default/acesso_geral_projeto.html: 0
[2020-01-18 21:51:12] EDIT abencoado/views/default/acesso_geral_projeto.html: 0
[2020-01-18 21:51:27] EDIT abencoado/views/default/acesso_geral_projeto.html: 0
[2020-01-18 21:51:58] EDIT abencoado/views/default/acesso_geral_projeto.html: 0
[2020-01-18 21:52:15] EDIT abencoado/views/default/acesso_geral_projeto.html: -18
[2020-01-18 21:53:34] EDIT abencoado/controllers/default.py: 0
[2020-01-18 21:53:56] EDIT abencoado/controllers/default.py: 0
[2020-01-18 21:55:01] EDIT abencoado/controllers/default.py: 0
[2020-01-18 21:55:08] EDIT abencoado/controllers/default.py: -1
[2020-01-18 21:55:24] EDIT abencoado/controllers/default.py: 0
[2020-01-18 21:58:13] EDIT abencoado/views/default/acesso_geral_projeto.html: 0
[2020-01-18 21:59:00] EDIT abencoado/views/default/acesso_geral_projeto.html: -1
[2020-01-19 12:44:18] EDIT abencoado/views/default/venda_vista.html: 5
[2020-01-19 12:46:17] EDIT abencoado/views/default/venda_vista.html: 2
[2020-01-19 12:47:30] EDIT abencoado/views/default/venda_vista.html: 0
[2020-01-19 12:47:41] EDIT abencoado/views/default/venda_vista.html: 2
[2020-01-19 12:47:59] EDIT abencoado/views/default/venda_vista.html: 0
[2020-01-19 12:49:35] EDIT abencoado/views/default/venda_vista.html: 2
[2020-01-19 12:50:32] EDIT abencoado/views/default/venda_vista.html: 3
[2020-01-19 12:51:18] EDIT abencoado/views/default/venda_vista.html: -1
[2020-01-19 12:51:46] EDIT abencoado/views/default/venda_vista.html: 0
[2020-01-19 12:52:18] EDIT abencoado/views/default/venda_vista.html: -2
[2020-01-19 12:53:47] EDIT abencoado/views/default/relatorio.html: 1
[2020-01-19 12:54:18] EDIT abencoado/views/default/relatorio.html: 0
[2020-01-19 12:56:00] EDIT abencoado/views/default/relatorio.html: 1
[2020-01-19 12:56:08] EDIT abencoado/views/default/relatorio.html: 0
[2020-01-19 12:57:27] EDIT abencoado/views/default/relatorio.html: 1
[2020-01-19 12:58:31] EDIT abencoado/views/default/relatorio.html: 0
[2020-01-19 12:58:52] EDIT abencoado/views/default/relatorio.html: 0
[2020-01-19 13:00:29] EDIT abencoado/views/default/venda_vista.html: 0
[2020-01-19 13:03:59] EDIT abencoado/views/default/venda_vista.html: 0
[2020-01-19 13:05:40] EDIT abencoado/controllers/default.py: 1
[2020-01-19 13:08:12] EDIT abencoado/views/default/venda_vista.html: 6
[2020-01-19 13:08:28] EDIT abencoado/views/default/venda_vista.html: 1
[2020-01-19 13:09:18] EDIT abencoado/views/default/venda_vista.html: 1
[2020-01-19 13:09:55] EDIT abencoado/views/default/venda_vista.html: 2
[2020-01-19 13:10:15] EDIT abencoado/views/default/venda_vista.html: 1
[2020-01-19 13:11:17] EDIT abencoado/controllers/default.py: 0
[2020-01-19 13:14:22] EDIT abencoado/controllers/default.py: 3
[2020-01-19 13:15:03] EDIT abencoado/controllers/default.py: 0
[2020-01-19 13:15:12] EDIT abencoado/controllers/default.py: 0
[2020-01-19 13:15:34] EDIT abencoado/controllers/default.py: 0
[2020-01-19 13:16:46] EDIT abencoado/views/default/venda_vista.html: 0
[2020-01-19 13:19:20] EDIT abencoado/views/default/venda_vista.html: 1
[2020-01-19 13:23:07] EDIT abencoado/views/default/venda_vista.html: 0
[2020-01-19 13:41:55] EDIT abencoado/controllers/default.py: 0
[2020-01-20 01:23:27] EDIT abencoado/views/default/venda_vista.html: 19
[2020-01-20 01:24:14] EDIT abencoado/views/default/venda_vista.html: -19
[2020-01-20 01:24:37] EDIT abencoado/views/default/venda_vista.html: 0
[2020-01-20 01:25:11] EDIT abencoado/views/default/venda_vista.html: 7
[2020-01-20 01:30:09] EDIT abencoado/views/default/venda_vista.html: 0
[2020-01-21 23:35:50] EDIT abencoado/views/default/index.html: 0
[2020-01-21 23:35:51] EDIT abencoado/views/default/index.html: 0
[2020-01-21 23:35:59] EDIT abencoado/views/default/index.html: 0
[2020-01-21 23:38:16] EDIT abencoado/views/default/index.html: 1
[2020-01-21 23:38:57] EDIT abencoado/views/default/index.html: 0
[2020-01-21 23:39:12] EDIT abencoado/views/default/index.html: 0
[2020-01-21 23:39:34] EDIT abencoado/views/default/index.html: -1
[2020-01-30 02:12:26] EDIT abencoado/views/default/venda_vista.html: 2
[2020-01-30 02:14:20] EDIT abencoado/views/default/venda_vista.html: 1
[2020-01-30 02:27:59] EDIT abencoado/views/default/venda_vista.html: 4
[2020-01-30 02:28:18] EDIT abencoado/views/default/venda_vista.html: 0
[2020-01-30 02:29:08] EDIT abencoado/views/default/venda_vista.html: 0
[2020-01-30 02:30:04] EDIT abencoado/views/default/venda_vista.html: 0
[2020-01-30 02:31:05] EDIT abencoado/views/default/venda_vista.html: 2
[2020-01-30 02:41:19] EDIT abencoado/views/default/acesso_geral_projeto.html: 1
[2020-01-30 18:20:38] EDIT abencoado/views/default/index.html: 0
[2020-01-30 18:20:58] EDIT abencoado/views/default/index.html: 0
[2020-01-30 18:21:14] EDIT abencoado/views/default/index.html: 0
[2020-01-30 18:23:31] EDIT abencoado/views/default/index.html: 0
[2020-01-30 18:23:59] EDIT abencoado/views/default/index.html: 1
[2020-01-30 18:24:30] EDIT abencoado/views/default/index.html: 0
[2020-01-30 18:24:50] EDIT abencoado/views/default/index.html: 1
[2020-01-30 18:25:26] EDIT abencoado/views/default/index.html: -2
[2020-02-02 13:41:45] EDIT abencoado/views/default/relatorio.html: 0
[2020-02-02 13:43:36] EDIT abencoado/views/default/venda_vista.html: 4
[2020-02-02 13:43:57] EDIT abencoado/views/default/venda_vista.html: 1
[2020-02-02 13:46:23] EDIT abencoado/views/default/venda_vista.html: 3
[2020-02-02 13:46:57] EDIT abencoado/views/default/venda_vista.html: 1
[2020-02-02 13:47:31] EDIT abencoado/views/default/venda_vista.html: 0
[2020-02-02 13:47:48] EDIT abencoado/views/default/venda_vista.html: -1
[2020-02-02 13:48:19] EDIT abencoado/views/default/venda_vista.html: -3
[2020-02-02 13:48:58] EDIT abencoado/views/default/venda_vista.html: 3
[2020-02-02 13:49:51] EDIT abencoado/views/default/venda_vista.html: 1
[2020-02-02 13:50:23] EDIT abencoado/views/default/venda_vista.html: 0
[2020-02-02 13:50:51] EDIT abencoado/views/default/venda_vista.html: 0
[2020-02-02 13:51:53] EDIT abencoado/views/default/venda_vista.html: 0
[2020-02-02 13:52:17] EDIT abencoado/views/default/venda_vista.html: 0
[2020-02-02 13:52:38] EDIT abencoado/views/default/venda_vista.html: 0
[2020-02-02 13:53:20] EDIT abencoado/views/default/venda_vista.html: 1
[2020-02-02 13:55:02] EDIT abencoado/views/default/venda_vista.html: -1
[2020-02-02 13:59:52] EDIT abencoado/views/default/venda_vista.html: 0
[2020-02-02 14:02:42] EDIT abencoado/views/default/venda_vista.html: 1
[2020-02-02 14:02:53] EDIT abencoado/views/default/venda_vista.html: 1
[2020-02-02 14:03:52] EDIT abencoado/views/default/venda_vista.html: 0
[2020-02-02 14:04:04] EDIT abencoado/views/default/venda_vista.html: -2
[2020-02-02 14:04:13] EDIT abencoado/views/default/venda_vista.html: 0
[2020-02-02 14:04:38] EDIT abencoado/views/default/venda_vista.html: 0
[2020-02-02 14:06:57] EDIT abencoado/views/default/venda_vista.html: 0
[2020-02-02 14:07:46] EDIT abencoado/views/default/venda_vista.html: 0
[2020-02-02 14:11:14] EDIT abencoado/views/default/venda_vista.html: 4
[2020-02-02 14:11:59] EDIT abencoado/views/default/venda_vista.html: 0
[2020-02-02 14:12:13] EDIT abencoado/views/default/venda_vista.html: 0
[2020-02-02 14:13:21] EDIT abencoado/views/default/venda_vista.html: 0
[2020-02-02 14:16:51] EDIT abencoado/views/default/venda_vista.html: 3
[2020-02-02 14:17:12] EDIT abencoado/views/default/venda_vista.html: 0
[2020-02-02 14:17:26] EDIT abencoado/views/default/venda_vista.html: 0
[2020-02-02 14:18:26] EDIT abencoado/views/default/venda_vista.html: 0
[2020-02-02 14:19:47] EDIT abencoado/views/default/venda_vista.html: 2
[2020-02-02 14:20:53] EDIT abencoado/views/default/venda_vista.html: 1
[2020-02-02 14:21:09] EDIT abencoado/views/default/venda_vista.html: 0
[2020-02-02 14:23:09] EDIT abencoado/views/default/venda_vista.html: 0
[2020-02-02 14:23:23] EDIT abencoado/views/default/venda_vista.html: 0
[2020-02-02 14:23:49] EDIT abencoado/views/default/venda_vista.html: 0
[2020-02-02 14:24:12] EDIT abencoado/views/default/venda_vista.html: 0
[2020-02-02 14:28:20] EDIT abencoado/views/default/venda_vista.html: -20
[2020-02-02 14:29:54] EDIT abencoado/views/default/venda_vista.html: 2
[2020-02-02 14:30:05] EDIT abencoado/views/default/venda_vista.html: 0
[2020-02-02 14:30:44] EDIT abencoado/views/default/venda_vista.html: 0
[2020-02-02 14:31:43] EDIT abencoado/views/default/venda_vista.html: 0
[2020-02-02 14:32:28] EDIT abencoado/views/default/venda_vista.html: 0
[2020-02-02 14:33:12] EDIT abencoado/views/default/venda_vista.html: 0
[2020-02-02 14:34:33] EDIT abencoado/views/default/venda_vista.html: 2
[2020-02-02 14:34:56] EDIT abencoado/views/default/venda_vista.html: 0
[2020-02-02 14:35:09] EDIT abencoado/views/default/venda_vista.html: 0
[2020-02-02 14:36:23] EDIT abencoado/views/default/venda_vista.html: 0
[2020-02-02 14:38:02] EDIT abencoado/views/default/venda_vista.html: 0
[2020-02-02 14:38:55] EDIT abencoado/views/default/venda_vista.html: 0
[2020-02-02 14:39:50] EDIT abencoado/views/default/venda_vista.html: 0
[2020-02-02 14:41:48] EDIT abencoado/views/default/venda_vista.html: 0
[2020-02-02 14:42:33] EDIT abencoado/views/default/venda_vista.html: 0
[2020-02-02 14:45:40] EDIT abencoado/views/default/relatorio.html: 4
[2020-02-02 14:46:52] EDIT abencoado/views/default/relatorio.html: 0
[2020-02-02 14:47:19] EDIT abencoado/views/default/relatorio.html: 0
[2020-02-02 14:47:48] EDIT abencoado/views/default/relatorio.html: 0
[2020-02-02 15:00:41] EDIT abencoado/models/tabelas.py: 1
[2020-02-02 15:51:15] EDIT abencoado/models/tabelas.py: 1
[2020-02-02 16:12:50] EDIT abencoado/views/layout.html: 0
[2020-02-02 16:13:33] EDIT abencoado/views/layout.html: 0
[2020-02-03 02:04:10] EDIT abencoado/views/default/acesso_geral_projeto.html: 15
[2020-02-03 02:05:27] EDIT abencoado/views/default/acesso_geral_projeto.html: 0
[2020-02-03 02:05:37] EDIT abencoado/views/default/acesso_geral_projeto.html: 0
[2020-02-03 02:05:56] EDIT abencoado/views/default/acesso_geral_projeto.html: 0
[2020-02-03 02:06:58] EDIT abencoado/views/default/acesso_geral_projeto.html: 0
[2020-02-03 02:07:03] EDIT abencoado/views/default/acesso_geral_projeto.html: 0
[2020-02-03 02:07:37] EDIT abencoado/views/default/acesso_geral_projeto.html: 0
[2020-02-03 02:07:53] EDIT abencoado/views/default/acesso_geral_projeto.html: 0
[2020-02-03 02:09:26] EDIT abencoado/views/default/acesso_geral_projeto.html: 0
[2020-02-03 02:09:37] EDIT abencoado/views/default/acesso_geral_projeto.html: 0
[2020-02-03 02:10:25] EDIT abencoado/views/default/acesso_geral_projeto.html: 0
[2020-02-03 02:11:31] EDIT abencoado/views/default/acesso_geral_projeto.html: 2
[2020-02-03 02:12:02] EDIT abencoado/views/default/acesso_geral_projeto.html: 1
[2020-02-03 02:12:55] EDIT abencoado/views/default/acesso_geral_projeto.html: 0
[2020-02-03 02:14:11] EDIT abencoado/views/default/acesso_geral_projeto.html: -21
[2020-02-03 02:17:10] EDIT abencoado/views/default/acesso_geral_projeto.html: 0
[2020-02-03 02:18:58] EDIT abencoado/views/default/acesso_geral_projeto.html: 19
[2020-02-03 02:20:22] EDIT abencoado/views/default/acesso_geral_projeto.html: -19
[2020-02-03 02:23:38] EDIT abencoado/views/default/relatorio.html: 37
[2020-02-03 02:24:36] EDIT abencoado/views/default/relatorio.html: 3
[2020-02-03 02:26:53] EDIT abencoado/views/default/relatorio.html: -14
[2020-02-03 02:27:06] EDIT abencoado/views/default/relatorio.html: 0
[2020-02-03 02:28:30] EDIT abencoado/views/default/relatorio.html: -1
[2020-02-03 02:29:23] EDIT abencoado/views/default/relatorio.html: 2
[2020-02-03 02:29:46] EDIT abencoado/views/default/relatorio.html: 1
[2020-02-03 02:31:07] EDIT abencoado/views/default/relatorio.html: -4
[2020-02-03 02:31:59] EDIT abencoado/views/default/relatorio.html: 0
[2020-02-03 02:32:27] EDIT abencoado/views/default/relatorio.html: -2
[2020-02-03 02:33:58] EDIT abencoado/views/default/relatorio.html: -2
[2020-02-03 02:34:34] EDIT abencoado/views/default/relatorio.html: 1
[2020-02-03 02:35:40] EDIT abencoado/views/default/relatorio.html: 0
[2020-02-03 02:35:58] EDIT abencoado/views/default/relatorio.html: 0
[2020-02-03 02:36:13] EDIT abencoado/views/default/relatorio.html: 0
[2020-02-03 02:36:25] EDIT abencoado/views/default/relatorio.html: 0
[2020-02-03 02:36:41] EDIT abencoado/views/default/relatorio.html: 1
[2020-02-03 02:39:42] EDIT abencoado/views/default/relatorio.html: 2
[2020-02-03 02:40:35] EDIT abencoado/views/default/relatorio.html: 3
[2020-02-03 02:41:05] EDIT abencoado/views/default/relatorio.html: 0
[2020-02-03 02:42:01] EDIT abencoado/views/default/relatorio.html: -21
[2020-02-03 02:42:26] EDIT abencoado/views/default/relatorio.html: 0
[2020-02-03 02:42:47] EDIT abencoado/views/default/relatorio.html: 1
[2020-02-03 02:44:37] EDIT abencoado/views/default/relatorio.html: 1
[2020-02-03 02:45:52] EDIT abencoado/views/default/relatorio.html: 2
[2020-02-03 02:46:26] EDIT abencoado/views/default/relatorio.html: 0
[2020-02-03 02:46:42] EDIT abencoado/views/default/relatorio.html: 0
[2020-02-03 02:47:14] EDIT abencoado/views/default/relatorio.html: -1
[2020-02-03 02:47:36] EDIT abencoado/views/default/relatorio.html: -2
[2020-02-03 02:48:20] EDIT abencoado/views/default/relatorio.html: 1
[2020-02-03 02:48:43] EDIT abencoado/views/default/relatorio.html: 1
[2020-02-03 02:51:20] EDIT abencoado/views/default/relatorio.html: 0
[2020-02-03 02:51:39] EDIT abencoado/views/default/relatorio.html: 0
[2020-02-03 02:51:43] EDIT abencoado/views/default/relatorio.html: -1
[2020-02-03 02:51:56] EDIT abencoado/views/default/relatorio.html: 0
[2020-02-03 02:52:15] EDIT abencoado/views/default/relatorio.html: 0
[2020-02-03 02:52:29] EDIT abencoado/views/default/relatorio.html: 1
[2020-02-03 12:52:58] EDIT abencoado/views/default/relatorio.html: 0
[2020-02-03 18:45:31] EDIT abencoado/views/default/venda_vista.html: 8
[2020-02-03 18:46:27] EDIT abencoado/views/default/venda_vista.html: 0
[2020-02-03 18:47:02] EDIT abencoado/views/default/venda_vista.html: 0
[2020-02-03 18:47:23] EDIT abencoado/views/default/venda_vista.html: 0
[2020-02-03 18:48:49] EDIT abencoado/views/layout.html: 0
[2020-02-03 18:49:41] EDIT abencoado/views/layout.html: 0
[2020-02-03 18:50:23] EDIT abencoado/views/layout.html: 0
[2020-02-03 18:50:41] EDIT abencoado/views/layout.html: 0
[2020-02-03 18:52:05] EDIT abencoado/views/layout.html: 0
[2020-02-03 18:52:29] EDIT abencoado/views/layout.html: 0
[2020-02-03 18:52:50] EDIT abencoado/views/layout.html: 0
[2020-02-03 18:55:08] EDIT abencoado/views/layout.html: 0
[2020-02-03 18:55:24] EDIT abencoado/views/layout.html: 0
[2020-02-03 18:55:44] EDIT abencoado/views/layout.html: 0
[2020-02-11 18:28:27] EDIT abencoado/views/despesa/acesso_class_despesa.html: 0
[2020-02-13 18:43:00] EDIT abencoado/models/tabelas.py: 2
[2020-02-13 18:44:19] EDIT abencoado/models/tabelas.py: 1
